running: /home/jfdey/projects/easy_update/easy_update.py
Updated Packages: 368
New Packages: 14
Dropped Packages: 5
No action: base
No action: compiler
No action: datasets
No action: graphics
No action: grDevices
No action: grid
No action: methods
No action: parallel
No action: splines
No action: stats
No action: stats4
No action: tcltk
No action: tools
No action: utils
-> X11-20210802-foss-2021b.eb
== found dep: None
== Not Found: X11-20210802-foss-2021b.eb
-> Mesa-21.1.7-foss-2021b.eb
== found dep: None
== Not Found: Mesa-21.1.7-foss-2021b.eb
-> libGLU-9.0.2-foss-2021b.eb
== found dep: None
== Not Found: libGLU-9.0.2-foss-2021b.eb
-> cairo-1.16.0-foss-2021b.eb
== found dep: None
== Not Found: cairo-1.16.0-foss-2021b.eb
-> libreadline-8.1-foss-2021b.eb
== found dep: None
== Not Found: libreadline-8.1-foss-2021b.eb
-> ncurses-6.2-foss-2021b.eb
== found dep: None
== Not Found: ncurses-6.2-foss-2021b.eb
-> bzip2-1.0.8-foss-2021b.eb
== found dep: None
== Not Found: bzip2-1.0.8-foss-2021b.eb
-> XZ-5.2.5-foss-2021b.eb
== found dep: None
== Not Found: XZ-5.2.5-foss-2021b.eb
-> zlib-1.2.11-foss-2021b.eb
== found dep: None
== Not Found: zlib-1.2.11-foss-2021b.eb
-> SQLite-3.36-foss-2021b.eb
== found dep: None
== Not Found: SQLite-3.36-foss-2021b.eb
-> PCRE2-10.37-foss-2021b.eb
== found dep: None
== Not Found: PCRE2-10.37-foss-2021b.eb
-> libpng-1.6.37-foss-2021b.eb
== found dep: None
== Not Found: libpng-1.6.37-foss-2021b.eb
-> libjpeg-turbo-2.0.6-foss-2021b.eb
== found dep: None
== Not Found: libjpeg-turbo-2.0.6-foss-2021b.eb
-> LibTIFF-4.3.0-foss-2021b.eb
== found dep: None
== Not Found: LibTIFF-4.3.0-foss-2021b.eb
-> Java-11.eb
== found dep: /app/software/EasyBuild/4.5.3/easybuild/easyconfigs/j/Java/Java-11.eb
== reading extensions from: Java-11.eb
-> Tk-8.6.11-foss-2021b.eb
== found dep: None
== Not Found: Tk-8.6.11-foss-2021b.eb
-> cURL-7.78.0-foss-2021b.eb
== found dep: None
== Not Found: cURL-7.78.0-foss-2021b.eb
-> libxml2-2.9.10-foss-2021b.eb
== found dep: None
== Not Found: libxml2-2.9.10-foss-2021b.eb
-> GMP-6.2.1-foss-2021b.eb
== found dep: None
== Not Found: GMP-6.2.1-foss-2021b.eb
-> NLopt-2.7.0-foss-2021b.eb
== found dep: None
== Not Found: NLopt-2.7.0-foss-2021b.eb
-> FFTW-3.3.10-foss-2021b.eb
== found dep: None
== Not Found: FFTW-3.3.10-foss-2021b.eb
-> libsndfile-1.0.31-foss-2021b.eb
== found dep: None
== Not Found: libsndfile-1.0.31-foss-2021b.eb
-> ICU-69.1-foss-2021b.eb
== found dep: None
== Not Found: ICU-69.1-foss-2021b.eb
-> HDF5-1.12.1-foss-2021b.eb
== found dep: None
== Not Found: HDF5-1.12.1-foss-2021b.eb
-> UDUNITS-2.2.28-foss-2021b.eb
== found dep: None
== Not Found: UDUNITS-2.2.28-foss-2021b.eb
-> GSL-2.7-foss-2021b.eb
== found dep: None
== Not Found: GSL-2.7-foss-2021b.eb
-> ImageMagick-7.1.0-4-foss-2021b.eb
== found dep: None
== Not Found: ImageMagick-7.1.0-4-foss-2021b.eb
-> GLPK-5.0-foss-2021b.eb
== found dep: None
== Not Found: GLPK-5.0-foss-2021b.eb
-> nodejs-14.17.6-foss-2021b.eb
== found dep: None
== Not Found: nodejs-14.17.6-foss-2021b.eb
-> GDAL-3.3.2-foss-2021b.eb
== found dep: /app/software/EasyBuild/4.5.3/easybuild/easyconfigs/g/GDAL/GDAL-3.3.2-foss-2021b.eb
== reading extensions from: GDAL-3.3.2-foss-2021b.eb
-> MPFR-4.1.0-foss-2021b.eb
== found dep: None
== Not Found: MPFR-4.1.0-foss-2021b.eb
-> libgit2-1.1.1-foss-2021b.eb
== found dep: None
== Not Found: libgit2-1.1.1-foss-2021b.eb
-> OpenSSL-1.1.eb
== found dep: /app/software/EasyBuild/4.5.3/easybuild/easyconfigs/o/OpenSSL/OpenSSL-1.1.eb
== reading extensions from: OpenSSL-1.1.eb
processing: R
WARNING: BioCondutor local_biocver is not defined. BioConductor will not be searched
                     Rmpi : 0.6-9.2                         (keep) [1044, 15]
                    abind : 1.4-5                           (keep) [1044, 16]
                    magic : 1.5-9 -> 1.6-0                (update) [1044, 17]
                     Rcpp : 1.0.7 -> 1.0.8.3              (update) [1044, 18]
             RcppProgress : 0.4.2                           (keep) [1044, 19]
                  lpSolve : 5.6.15                          (keep) [1044, 20]
                  linprog : 0.9-2 -> 0.9-4                (update) [1044, 21]
                 geometry : 0.4.5 -> 0.4.6                (update) [1044, 22]
                      bit : 4.0.4                           (keep) [1044, 23]
                 filehash : 2.4-2 -> 2.4-3                (update) [1044, 24]
                       ff : 4.0.5                           (keep) [1044, 25]
                  bnlearn : 4.7 -> 4.7.1                  (update) [1044, 26]
                bootstrap : 2019.6                          (keep) [1044, 27]
                 combinat : 0.0-8                           (keep) [1044, 28]
                     deal : 1.2-39                          (keep) [1044, 29]
                  fdrtool : 1.2.16 -> 1.2.17              (update) [1044, 30]
                  formatR : 1.11 -> 1.12                  (update) [1044, 31]
                   gtools : 3.9.2                           (keep) [1044, 32]
                    gdata : 2.18.0                          (keep) [1044, 33]
                      GSA : 1.03.1 -> 1.03.2              (update) [1044, 34]
                     xfun : 0.27 -> 0.30                  (update) [1044, 35]
                    highr : 0.9                             (keep) [1044, 36]
                 infotheo : 1.2.0 -> 1.2.0.1              (update) [1044, 37]
                     lars : 1.2 -> 1.3                    (update) [1044, 38]
                     lazy : 1.2-16 -> 1.2-17              (update) [1044, 39]
                  kernlab : 0.9-29 -> 0.9-30              (update) [1044, 40]
                     mime : 0.12                            (keep) [1044, 41]
                 markdown : 1.1                             (keep) [1044, 42]
                  mlbench : 2.1-3                           (keep) [1044, 43]
                      NLP : 0.2-1                           (keep) [1044, 44]
                   mclust : 5.4.7 -> 5.4.9                (update) [1044, 45]
                     RANN : 2.6.1                           (keep) [1044, 46]
                    rmeta : 3.0                             (keep) [1044, 47]
                     MASS : 7.3-57 from segmented            (add) [1044, 48]
                segmented : 1.3-4 -> 1.5-0                (update) [1044, 49]
                      som : 0.3-5.1                         (keep) [1044, 50]
                SuppDists : 1.1-9.5 -> 1.1-9.7            (update) [1044, 51]
               stabledist : 0.7-1                           (keep) [1044, 52]
              survivalROC : 1.0.3                           (keep) [1044, 53]
                  pspline : 1.0-18 -> 1.0-19              (update) [1044, 54]
                 timeDate : 3043.102                        (keep) [1044, 55]
                 longmemo : 1.1-2                           (keep) [1044, 56]
                ADGofTest : 0.3                             (keep) [1044, 57]
                     MASS : 7.3-54                     (duplicate) [1044, 57]
                   pixmap : 0.4-12                          (keep) [1044, 58]
                  lattice : 0.20-45                         (keep) [1044, 59]
                       sp : 1.4-5 -> 1.4-7                (update) [1044, 60]
                pkgconfig : 2.0.3                           (keep) [1044, 61]
                    rlang : 0.4.12 -> 1.0.2               (update) [1044, 62]
                 ellipsis : 0.3.2                           (keep) [1044, 63]
                   digest : 0.6.28 -> 0.6.29              (update) [1044, 64]
                     glue : 1.4.2 -> 1.6.2                (update) [1044, 65]
                      cli : 3.3.0 from vctrs                 (add) [1044, 66]
                    vctrs : 0.3.8 -> 0.4.1                (update) [1044, 67]
                lifecycle : 1.0.1                           (keep) [1044, 68]
                      hms : 1.1.1                           (keep) [1044, 69]
              prettyunits : 1.1.1                           (keep) [1044, 70]
                       R6 : 2.5.1                           (keep) [1044, 71]
                   crayon : 1.4.2 -> 1.5.1                (update) [1044, 72]
                 progress : 1.2.2                           (keep) [1044, 73]
                     ade4 : 1.7-18 -> 1.7-19              (update) [1044, 74]
                AlgDesign : 1.2.0                           (keep) [1044, 75]
                base64enc : 0.1-3                           (keep) [1044, 76]
                       BH : 1.75.0-0 -> 1.78.0-0          (update) [1044, 77]
                     brew : 1.0-6 -> 1.0-7                (update) [1044, 78]
              Brobdingnag : 1.2-6 -> 1.2-7                (update) [1044, 79]
                  corpcor : 1.6.10                          (keep) [1044, 80]
             longitudinal : 1.1.12 -> 1.1.13              (update) [1044, 81]
                backports : 1.3.0 -> 1.4.1                (update) [1044, 82]
                checkmate : 2.0.0 -> 2.1.0                (update) [1044, 83]
                 cubature : 2.0.4.2 -> 2.0.4.4            (update) [1044, 84]
                 DEoptimR : 1.0-9 -> 1.0-11               (update) [1044, 85]
                fastmatch : 1.1-3                           (keep) [1044, 86]
                   ffbase : 0.13.3                          (keep) [1044, 87]
                iterators : 1.0.13 -> 1.0.14              (update) [1044, 88]
                     maps : 3.4.0                           (keep) [1044, 89]
                     nnls : 1.4                             (keep) [1044, 90]
                sendmailR : 1.2-1                           (keep) [1044, 91]
                dotCall64 : 1.0-1                           (keep) [1044, 92]
                     spam : 2.7-0 -> 2.8-0                (update) [1044, 93]
                  subplex : 1.6 -> 1.8                    (update) [1044, 94]
                  stringi : 1.7.5 -> 1.7.6                (update) [1044, 95]
                 magrittr : 2.0.1 -> 2.0.3                (update) [1044, 96]
                  stringr : 1.4.0                           (keep) [1044, 97]
                 evaluate : 0.14 -> 0.15                  (update) [1044, 98]
                logspline : 2.1.16 -> 2.1.17              (update) [1044, 99]
                    ncbit : 2013.03.29                      (keep) [1044, 100]
                  permute : 0.9-5 -> 0.9-7                (update) [1044, 101]
                  plotrix : 3.8-2                           (keep) [1044, 102]
             randomForest : 4.6-14 -> 4.7-1               (update) [1044, 103]
            scatterplot3d : 0.3-41                          (keep) [1044, 104]
                  SparseM : 1.81                            (keep) [1044, 105]
                  tripack : 1.3-9.1                         (keep) [1044, 106]
                    irace : 3.4.1                           (keep) [1044, 107]
                    rJava : 1.0-5 -> 1.0-6                (update) [1044, 108]
             RColorBrewer : 1.1-2 -> 1.1-3                (update) [1044, 109]
                      png : 0.1-7                           (keep) [1044, 110]
                     jpeg : 0.1-9                           (keep) [1044, 111]
             latticeExtra : 0.6-29                          (keep) [1044, 112]
                   Matrix : 1.3-4 -> 1.4-1                (update) [1044, 113]
            RcppArmadillo : 0.10.7.0.0 -> 0.11.0.0.0      (update) [1044, 114]
                     plyr : 1.8.6 -> 1.8.7                (update) [1044, 115]
                   gtable : 0.3.0                           (keep) [1044, 116]
                 reshape2 : 1.4.4                           (keep) [1044, 117]
                dichromat : 2.0-0                           (keep) [1044, 118]
               colorspace : 2.0-2 -> 2.0-3                (update) [1044, 119]
                  munsell : 0.5.0                           (keep) [1044, 120]
                 labeling : 0.4.2                           (keep) [1044, 121]
              viridisLite : 0.4.0                           (keep) [1044, 122]
                   farver : 2.1.0                           (keep) [1044, 123]
                   scales : 1.1.1 -> 1.2.0                (update) [1044, 124]
                     utf8 : 1.2.2                           (keep) [1044, 125]
                  zeallot : 0.1.0                           (keep) [1044, 126]
               assertthat : 0.2.1                           (keep) [1044, 127]
                    fansi : 0.5.0 -> 1.0.3                (update) [1044, 128]
                      cli : 3.1.0                      (duplicate) [1044, 128]
                   pillar : 1.6.4 -> 1.7.0                (update) [1044, 129]
                   tibble : 3.1.5 -> 3.1.6                (update) [1044, 130]
                 lazyeval : 0.2.2                           (keep) [1044, 131]
                    withr : 2.4.2 -> 2.5.0                (update) [1044, 132]
                     nlme : 3.1-153 -> 3.1-157            (update) [1044, 133]
                     mgcv : 1.8-38 -> 1.8-40              (update) [1044, 134]
                rprojroot : 2.0.2 -> 2.0.3                (update) [1044, 135]
                     desc : 1.4.0 -> 1.4.1                (update) [1044, 136]
                       ps : 1.6.0 -> 1.7.0                (update) [1044, 137]
                 processx : 3.5.2 -> 3.5.3                (update) [1044, 138]
                    callr : 3.7.0                           (keep) [1044, 139]
                 pkgbuild : 1.2.0 -> 1.3.1                (update) [1044, 140]
               rstudioapi : 0.13                            (keep) [1044, 141]
                  pkgload : 1.2.3 -> 1.2.4                (update) [1044, 142]
                   praise : 1.0.0                           (keep) [1044, 143]
                     brio : 1.1.2 -> 1.1.3                (update) [1044, 144]
                 jsonlite : 1.7.2 -> 1.8.0                (update) [1044, 145]
                  diffobj : 0.3.5                           (keep) [1044, 146]
                 rematch2 : 2.1.2                           (keep) [1044, 147]
                    waldo : 0.3.1 -> 0.4.0                (update) [1044, 148]
                 testthat : 3.1.0 -> 3.1.3                (update) [1044, 149]
                  isoband : 0.2.5                           (keep) [1044, 150]
                  ggplot2 : 3.3.5                           (keep) [1044, 151]
                     pROC : 1.18.0                          (keep) [1044, 152]
                 quadprog : 1.5-8                           (keep) [1044, 153]
                       BB : 2019.10-1                       (keep) [1044, 154]
               data.table : 1.14.2 from BBmisc               (add) [1044, 155]
                   BBmisc : 1.11 -> 1.12                  (update) [1044, 156]
                     fail : 1.3                             (keep) [1044, 157]
                 rlecuyer : 0.3-5                           (keep) [1044, 158]
                     snow : 0.4-4                           (keep) [1044, 159]
                     tree : 1.0-41                          (keep) [1044, 160]
                      pls : 2.8-0                           (keep) [1044, 161]
                    class : 7.3-19 -> 7.3-20              (update) [1044, 162]
                    proxy : 0.4-26                          (keep) [1044, 163]
                    e1071 : 1.7-9                           (keep) [1044, 164]
                     nnet : 7.3-16 -> 7.3-17              (update) [1044, 165]
                    minqa : 1.2.4                           (keep) [1044, 166]
                RcppEigen : 0.3.3.9.1 -> 0.3.3.9.2        (update) [1044, 167]
             MatrixModels : 0.5-0                           (keep) [1044, 168]
              matrixStats : 0.61.0 -> 0.62.0              (update) [1044, 169]
                codetools : 0.2-18                          (keep) [1044, 170]
                  foreach : 1.5.1 -> 1.5.2                (update) [1044, 171]
               data.table : 1.14.2                     (duplicate) [1044, 171]
             ModelMetrics : 1.2.2.2                         (keep) [1044, 172]
                 generics : 0.1.1 -> 0.1.2                (update) [1044, 173]
                    purrr : 0.3.4                           (keep) [1044, 174]
               tidyselect : 1.1.1 -> 1.1.2                (update) [1044, 175]
                    dplyr : 1.0.7 -> 1.0.8                (update) [1044, 176]
                    gower : 0.2.2 -> 1.0.0                (update) [1044, 177]
                    rpart : 4.1-15 -> 4.1.16              (update) [1044, 178]
                 survival : 3.2-13 -> 3.3-1               (update) [1044, 179]
               KernSmooth : 2.23-20                         (keep) [1044, 180]
                  globals : 0.14.0                          (keep) [1044, 181]
                  listenv : 0.8.0                           (keep) [1044, 182]
               parallelly : 1.28.1 -> 1.31.1              (update) [1044, 183]
                   future : 1.23.0 -> 1.25.0              (update) [1044, 184]
             future.apply : 1.8.1 -> 1.9.0                (update) [1044, 185]
                progressr : 0.9.0 -> 0.10.0               (update) [1044, 186]
                 numDeriv : 2016.8-1.1                      (keep) [1044, 187]
                  SQUAREM : 2021.1                          (keep) [1044, 188]
                     lava : 1.6.10                          (keep) [1044, 189]
                  prodlim : 2019.11.13                      (keep) [1044, 190]
                    ipred : 0.9-12                          (keep) [1044, 191]
                    cpp11 : 0.4.0 -> 0.4.2                (update) [1044, 192]
                lubridate : 1.8.0                           (keep) [1044, 193]
                    tidyr : 1.1.4 -> 1.2.0                (update) [1044, 194]
                  hardhat : 0.2.0 from recipes               (add) [1044, 195]
                  recipes : 0.1.17 -> 0.2.0               (update) [1044, 196]
                    caret : 6.0-90 -> 6.0-92              (update) [1044, 197]
                  conquer : 1.2.0 -> 1.3.0                (update) [1044, 198]
                 quantreg : 5.86 -> 5.88                  (update) [1044, 199]
               robustbase : 0.93-9 -> 0.95-0              (update) [1044, 200]
                      zoo : 1.8-9 -> 1.8-10               (update) [1044, 201]
                   lmtest : 0.9-38 -> 0.9-40              (update) [1044, 202]
                      vcd : 1.4-9                           (keep) [1044, 203]
                 snowfall : 1.84-6.1                        (keep) [1044, 204]
                    bindr : 0.1.1                           (keep) [1044, 205]
                    plogr : 0.2.0                           (keep) [1044, 206]
                 bindrcpp : 0.2.2                           (keep) [1044, 207]
                  tmvnsim : 1.0-2                           (keep) [1044, 208]
                   mnormt : 2.0.2                           (keep) [1044, 209]
                  foreign : 0.8-81 -> 0.8-82              (update) [1044, 210]
                    psych : 2.1.9 -> 2.2.3                (update) [1044, 211]
                    broom : 0.7.10 -> 0.8.0               (update) [1044, 212]
                   nloptr : 1.2.2.2 -> 2.0.0              (update) [1044, 213]
                     boot : 1.3-28                          (keep) [1044, 214]
                  statmod : 1.4.36                          (keep) [1044, 215]
                     lme4 : 1.1-27.1 -> 1.1-29            (update) [1044, 216]
                   ucminf : 1.1-4                           (keep) [1044, 217]
                  ordinal : 2019.12-10                      (keep) [1044, 218]
                     jomo : 2.7-2 -> 2.7-3                (update) [1044, 219]
                    clipr : 0.7.1 -> 0.8.0                (update) [1044, 220]
                     tzdb : 0.2.0 -> 0.3.0                (update) [1044, 221]
                    bit64 : 4.0.5                           (keep) [1044, 222]
                    vroom : 1.5.5 -> 1.5.7                (update) [1044, 223]
                    readr : 2.0.2 -> 2.1.2                (update) [1044, 224]
                  forcats : 0.5.1                           (keep) [1044, 225]
                    haven : 2.4.3 -> 2.5.0                (update) [1044, 226]
                      pan : 1.6                             (keep) [1044, 227]
                    mitml : 0.4-3                           (keep) [1044, 228]
                     mice : 3.13.0 -> 3.14.0              (update) [1044, 229]
                     urca : 1.3-0                           (keep) [1044, 230]
                 fracdiff : 1.5-1                           (keep) [1044, 231]
           operator.tools : 1.6.3                           (keep) [1044, 232]
            formula.tools : 1.7.1                           (keep) [1044, 233]
                  logistf : 1.24 -> 1.24.1                (update) [1044, 234]
                    akima : 0.6-2.2 -> 0.6-3.3            (update) [1044, 235]
                   bitops : 1.0-7                           (keep) [1044, 236]
                 mixtools : 1.2.0                           (keep) [1044, 237]
                  cluster : 2.1.2 -> 2.1.3                (update) [1044, 238]
                    gclus : 1.3.2                           (keep) [1044, 239]
                     coda : 0.19-4                          (keep) [1044, 240]
                     doMC : 1.3.7 -> 1.3.8                (update) [1044, 241]
                      DBI : 1.1.1 -> 1.1.2                (update) [1044, 242]
                      gam : 1.20 -> 1.20.1                (update) [1044, 243]
              gamlss.data : 6.0-1 -> 6.0-2                (update) [1044, 244]
              gamlss.dist : 5.3-2 -> 6.0-3                (update) [1044, 245]
                   gamlss : 5.3-4 -> 5.4-3                (update) [1044, 246]
                gamlss.tr : 5.1-7                           (keep) [1044, 247]
                  hwriter : 1.3.2 -> 1.3.2.1              (update) [1044, 248]
                      xts : 0.12.1                          (keep) [1044, 249]
                     curl : 4.3.2                           (keep) [1044, 250]
                      TTR : 0.24.2 -> 0.24.3              (update) [1044, 251]
                 quantmod : 0.4.18                          (keep) [1044, 252]
                  mvtnorm : 1.1-3                           (keep) [1044, 253]
                    pcaPP : 1.9-74                          (keep) [1044, 254]
                     pscl : 1.5.5                           (keep) [1044, 255]
                  fastmap : 1.1.0                           (keep) [1044, 256]
                   cachem : 1.0.6                           (keep) [1044, 257]
                  memoise : 2.0.0 -> 2.0.1                (update) [1044, 258]
                     blob : 1.2.2 -> 1.2.3                (update) [1044, 259]
                  RSQLite : 2.2.8 -> 2.2.12               (update) [1044, 260]
                BatchJobs : 1.8 -> 1.9                    (update) [1044, 261]
                 sandwich : 3.0-1                           (keep) [1044, 262]
                  sfsmisc : 1.1-12 -> 1.1-13              (update) [1044, 263]
                  spatial : 7.3-14 -> 7.3-15              (update) [1044, 264]
                     VGAM : 1.1-5 -> 1.1-6                (update) [1044, 265]
                 waveslim : 1.8.2                           (keep) [1044, 266]
                   xtable : 1.8-4                           (keep) [1044, 267]
             profileModel : 0.6.1                           (keep) [1044, 268]
                    brglm : 0.7.2                           (keep) [1044, 269]
                  deSolve : 1.30 -> 1.32                  (update) [1044, 270]
             tseriesChaos : 0.1-13.1                        (keep) [1044, 271]
                  tseries : 0.10-48 -> 0.10-50            (update) [1044, 272]
                  fastICA : 1.2-3                           (keep) [1044, 273]
              R.methodsS3 : 1.8.1                           (keep) [1044, 274]
                     R.oo : 1.24.0                          (keep) [1044, 275]
                      sys : 3.4                             (keep) [1044, 276]
                  askpass : 1.1                             (keep) [1044, 277]
                  openssl : 1.4.5 -> 2.0.0                (update) [1044, 278]
                     httr : 1.4.2                           (keep) [1044, 279]
                    cgdsr : 1.3.0                           (keep) [1044, 280]
                  R.utils : 2.11.0                          (keep) [1044, 281]
                 R.matlab : 3.6.2                           (keep) [1044, 282]
                gridExtra : 2.3                             (keep) [1044, 283]
                      gbm : 2.1.8                           (keep) [1044, 284]
                  Formula : 1.2-4                           (keep) [1044, 285]
                  acepack : 1.4.1                           (keep) [1044, 286]
                    proto : 1.0.0                           (keep) [1044, 287]
                    chron : 2.3-56                          (keep) [1044, 288]
                  viridis : 0.6.2                           (keep) [1044, 289]
                     yaml : 2.2.1 -> 2.3.5                (update) [1044, 290]
                htmltools : 0.5.2                           (keep) [1044, 291]
              htmlwidgets : 1.5.4                           (keep) [1044, 292]
                    knitr : 1.36 -> 1.38                  (update) [1044, 293]
                htmlTable : 2.3.0 -> 2.4.0                (update) [1044, 294]
                    Hmisc : 4.6-0 -> 4.7-0                (update) [1044, 295]
              fastcluster : 1.2.3                           (keep) [1044, 296]
                 registry : 0.5-1                           (keep) [1044, 297]
                   bibtex : 0.4.2.3                         (keep) [1044, 298]
                 pkgmaker : 0.32.2                          (keep) [1044, 299]
                 rngtools : 1.5.2                           (keep) [1044, 300]
               doParallel : 1.0.16 -> 1.0.17              (update) [1044, 301]
                 gridBase : 0.4-7                           (keep) [1044, 302]
                    irlba : 2.3.3 -> 2.3.5                (update) [1044, 303]
                   igraph : 1.2.7 -> 1.3.1                (update) [1044, 304]
                  GeneNet : 1.2.15 -> 1.2.16              (update) [1044, 305]
                      ape : 5.5 -> 5.6-2                  (update) [1044, 306]
                  RJSONIO : 1.3-1.6                         (keep) [1044, 307]
                  caTools : 1.18.2                          (keep) [1044, 308]
                   gplots : 3.1.1 -> 3.1.3                (update) [1044, 309]
                     ROCR : 1.0-11                          (keep) [1044, 310]
                    later : 1.3.0                           (keep) [1044, 311]
                 promises : 1.2.0.1                         (keep) [1044, 312]
                   httpuv : 1.6.3 -> 1.6.5                (update) [1044, 313]
                    rjson : 0.2.20 -> 0.2.21              (update) [1044, 314]
              sourcetools : 0.1.7                           (keep) [1044, 315]
                     xml2 : 1.3.2 -> 1.3.3                (update) [1044, 316]
               commonmark : 1.7 -> 1.8.0                  (update) [1044, 317]
                jquerylib : 0.1.4                           (keep) [1044, 318]
                 rappdirs : 0.3.3                           (keep) [1044, 319]
                       fs : 1.5.0 -> 1.5.2                (update) [1044, 320]
                     sass : 0.4.0 -> 0.4.1                (update) [1044, 321]
                    bslib : 0.3.1                           (keep) [1044, 322]
              fontawesome : 0.2.2                           (keep) [1044, 323]
                    shiny : 1.7.1                           (keep) [1044, 324]
                   seqinr : 4.2-8                           (keep) [1044, 325]
               LearnBayes : 2.15.1                          (keep) [1044, 326]
                   deldir : 1.0-6                           (keep) [1044, 327]
                  gmodels : 2.18.1                          (keep) [1044, 328]
                     expm : 0.999-6                         (keep) [1044, 329]
                    terra : 1.4-11 -> 1.5-21              (update) [1044, 330]
                   raster : 3.5-2 -> 3.5-15               (update) [1044, 331]
                   spData : 2.0.1                           (keep) [1044, 332]
                    units : 0.7-2 -> 0.8-0                (update) [1044, 333]
                 classInt : 0.4-3                           (keep) [1044, 334]
                    vegan : 2.5-7 -> 2.6-2                (update) [1044, 335]
                     rncl : 0.8.4 -> 0.8.6                (update) [1044, 336]
                      XML : 3.99-0.8 -> 3.99-0.9          (update) [1044, 337]
                  tinytex : 0.34 -> 0.38                  (update) [1044, 338]
                rmarkdown : 2.11 -> 2.14                  (update) [1044, 339]
                  reshape : 0.8.8 -> 0.8.9                (update) [1044, 340]
                triebeard : 0.3.0                           (keep) [1044, 341]
                 urltools : 1.7.3                           (keep) [1044, 342]
                 httpcode : 0.3.0                           (keep) [1044, 343]
                     crul : 1.1.0 -> 1.2.0                (update) [1044, 344]
                     bold : 1.2.0                           (keep) [1044, 345]
                 rredlist : 0.7.0                           (keep) [1044, 346]
                  rentrez : 1.2.3                           (keep) [1044, 347]
                     rotl : 3.0.11 -> 3.0.12              (update) [1044, 348]
                  solrium : 1.2.0                           (keep) [1044, 349]
                    ritis : 1.0.0                           (keep) [1044, 350]
                   worrms : 0.4.2                           (keep) [1044, 351]
                  natserv : 1.0.0                           (keep) [1044, 352]
                WikipediR : 1.5.0                           (keep) [1044, 353]
               ratelimitr : 0.4.1                           (keep) [1044, 354]
                      rex : 1.2.0 -> 1.2.1                (update) [1044, 355]
    WikidataQueryServiceR : 1.0.0                           (keep) [1044, 356]
                  pbapply : 1.5-0                           (keep) [1044, 357]
                WikidataR : 2.3.1 -> 2.3.3                (update) [1044, 358]
                 wikitaxa : 0.4.0                           (keep) [1044, 359]
                 phangorn : 2.7.1 -> 2.8.1                (update) [1044, 360]
                     uuid : 1.0-2 -> 1.1-0                (update) [1044, 361]
               conditionz : 0.1.0                           (keep) [1044, 362]
                   taxize : 0.9.99 -> 0.9.100             (update) [1044, 363]
                   RNeXML : 2.4.5 -> 2.4.6                (update) [1044, 364]
                phylobase : 0.8.10                          (keep) [1044, 365]
                   magick : 2.7.3                           (keep) [1044, 366]
                animation : 2.7                             (keep) [1044, 367]
            bigmemory.sri : 0.1.3                           (keep) [1044, 368]
                bigmemory : 4.5.36                          (keep) [1044, 369]
                calibrate : 1.7.7                           (keep) [1044, 370]
        clusterGeneration : 1.3.7                           (keep) [1044, 371]
                    dismo : 1.3-5                           (keep) [1044, 372]
              extrafontdb : 1.0                             (keep) [1044, 373]
                 Rttf2pt1 : 1.3.9 -> 1.3.10               (update) [1044, 374]
                extrafont : 0.17 -> 0.18                  (update) [1044, 375]
                   fields : 13.3                            (keep) [1044, 376]
               shapefiles : 0.7                             (keep) [1044, 377]
                   fossil : 0.4.0                           (keep) [1044, 378]
                 phytools : 0.7-90 -> 1.0-3               (update) [1044, 379]
                   geiger : 2.0.7                           (keep) [1044, 380]
                    shape : 1.4.6                           (keep) [1044, 381]
                   glmnet : 4.1-2 -> 4.1-4                (update) [1044, 382]
                crosstalk : 1.1.1 -> 1.2.0                (update) [1044, 383]
                   miniUI : 0.1.1.1                         (keep) [1044, 384]
                  webshot : 0.5.2 -> 0.5.3                (update) [1044, 385]
                  shinyjs : 2.0.0 -> 2.1.0                (update) [1044, 386]
         manipulateWidget : 0.11.1                          (keep) [1044, 387]
                      rgl : 0.107.14 -> 0.108.3           (update) [1044, 388]
                    Rtsne : 0.15 -> 0.16                  (update) [1044, 389]
                   labdsv : 2.0-1                           (keep) [1044, 390]
                    stabs : 0.6-4                           (keep) [1044, 391]
               modeltools : 0.2-23                          (keep) [1044, 392]
              strucchange : 1.5-2                           (keep) [1044, 393]
                  TH.data : 1.1-0                           (keep) [1044, 394]
                 multcomp : 1.4-17 -> 1.4-18              (update) [1044, 395]
                  libcoin : 1.0-9                           (keep) [1044, 396]
                     coin : 1.4-2                           (keep) [1044, 397]
                    party : 1.3-9                           (keep) [1044, 398]
                     inum : 1.0-4                           (keep) [1044, 399]
                 partykit : 1.2-15                          (keep) [1044, 400]
                   mboost : 2.9-5 -> 2.9-6                (update) [1044, 401]
                      msm : 1.6.9                           (keep) [1044, 402]
                  nor1mix : 1.3-0                           (keep) [1044, 403]
                       np : 0.60-11                         (keep) [1044, 404]
                  polynom : 1.4-0 -> 1.4-1                (update) [1044, 405]
                polspline : 1.1.19 -> 1.1.20              (update) [1044, 406]
                      rms : 6.2-0 -> 6.3-0                (update) [1044, 407]
                RWekajars : 3.9.3-2                         (keep) [1044, 408]
                    RWeka : 0.4-43 -> 0.4-44              (update) [1044, 409]
                     slam : 0.1-48 -> 0.1-50              (update) [1044, 410]
                       tm : 0.7-8                           (keep) [1044, 411]
                    leaps : 3.1                             (keep) [1044, 412]
                    cNORM : 2.1.0 -> 3.0.1                (update) [1044, 413]
                  weights : 1.0.4 from TraMineR              (add) [1044, 414]
                 TraMineR : 2.2-2 -> 2.2-3                (update) [1044, 415]
             chemometrics : 1.4.2                           (keep) [1044, 416]
                      FNN : 1.1.3                           (keep) [1044, 417]
                miscTools : 0.6-26                          (keep) [1044, 418]
                   maxLik : 1.5-2                           (keep) [1044, 419]
                     gbRd : 0.4-11                          (keep) [1044, 420]
                rbibutils : 2.2.4 -> 2.2.8                (update) [1044, 421]
                   Rdpack : 2.1.2 -> 2.3                  (update) [1044, 422]
                    dfidx : 0.0-4                           (keep) [1044, 423]
                   mlogit : 1.1-1                           (keep) [1044, 424]
                   getopt : 1.20.3                          (keep) [1044, 425]
                   gsalib : 2.1                             (keep) [1044, 426]
                 optparse : 1.7.1                           (keep) [1044, 427]
                 labelled : 2.9.0                           (keep) [1044, 428]
                  R.cache : 0.15.0                          (keep) [1044, 429]
                   styler : 1.6.2 -> 1.7.0                (update) [1044, 430]
                questionr : 0.7.5 -> 0.7.7                (update) [1044, 431]
                     klaR : 0.6-15 -> 1.7-0               (update) [1044, 432]
                 neuRosim : 0.2-12                          (keep) [1044, 433]
                   locfit : 1.5-9.4 -> 1.5-9.5            (update) [1044, 434]
                   GGally : 2.1.2                           (keep) [1044, 435]
                 beanplot : 1.2 -> 1.3.1                  (update) [1044, 436]
                  clValid : 0.7                             (keep) [1044, 437]
              DiscriMiner : 0.1-29                          (keep) [1044, 438]
                  ellipse : 0.4.2                           (keep) [1044, 439]
                 pbkrtest : 0.5.1                           (keep) [1044, 440]
                  carData : 3.0-4 -> 3.0-5                (update) [1044, 441]
                 maptools : 1.1-2 -> 1.1-4                (update) [1044, 442]
                      zip : 2.2.0                           (keep) [1044, 443]
                 openxlsx : 4.2.4 -> 4.2.5                (update) [1044, 444]
                  rematch : 1.0.1                           (keep) [1044, 445]
               cellranger : 1.1.0                           (keep) [1044, 446]
                   readxl : 1.3.1 -> 1.4.0                (update) [1044, 447]
                      rio : 0.5.27 -> 0.5.29              (update) [1044, 448]
                      car : 3.0-11 -> 3.0-12              (update) [1044, 449]
               flashClust : 1.01-2                          (keep) [1044, 450]
                  ggrepel : 0.9.1                           (keep) [1044, 451]
                       DT : 0.19 -> 0.22                  (update) [1044, 452]
               FactoMineR : 2.4                             (keep) [1044, 453]
                flexclust : 1.4-0 -> 1.4-1                (update) [1044, 454]
                  flexmix : 2.3-17                          (keep) [1044, 455]
                 prabclus : 2.3-2                           (keep) [1044, 456]
                  diptest : 0.76-0                          (keep) [1044, 457]
              trimcluster : 0.1-5                           (keep) [1044, 458]
                      fpc : 2.2-9                           (keep) [1044, 459]
                BiasedUrn : 1.07                            (keep) [1044, 460]
            TeachingDemos : 2.12                            (keep) [1044, 461]
                  kohonen : 3.0.10 -> 3.0.11              (update) [1044, 462]
                   base64 : 2.0                             (keep) [1044, 463]
                    doRNG : 1.8.2                           (keep) [1044, 464]
                  nleqslv : 3.3.2                           (keep) [1044, 465]
                    Deriv : 4.1.3                           (keep) [1044, 466]
                    RGCCA : 2.1.2                           (keep) [1044, 467]
                 pheatmap : 1.0.12                          (keep) [1044, 468]
                  pvclust : 2.2-0                           (keep) [1044, 469]
                  RCircos : 1.2.1 -> 1.2.2                (update) [1044, 470]
                 lambda.r : 1.2.4                           (keep) [1044, 471]
           futile.options : 1.0.1                           (keep) [1044, 472]
            futile.logger : 1.4.3                           (keep) [1044, 473]
              VennDiagram : 1.7.0 -> 1.7.3                (update) [1044, 474]
                 xlsxjars : 0.6.1                           (keep) [1044, 475]
                     xlsx : 0.6.5                           (keep) [1044, 476]
                    uroot : 2.1-2                           (keep) [1044, 477]
                 forecast : 8.15 -> 8.16                  (update) [1044, 478]
                      fma : 2.4                             (keep) [1044, 479]
                expsmooth : 2.3                             (keep) [1044, 480]
                      fpp : 0.5                             (keep) [1044, 481]
                   tensor : 1.5                             (keep) [1044, 482]
                 polyclip : 1.10-0                          (keep) [1044, 483]
                  goftest : 1.2-3                           (keep) [1044, 484]
           spatstat.utils : 2.2-0 -> 2.3-0                (update) [1044, 485]
            spatstat.data : 2.1-0 -> 2.2-0                (update) [1044, 486]
            spatstat.geom : 2.3-0 -> 2.4-0                (update) [1044, 487]
          spatstat.sparse : 2.0-0 -> 2.1-1                (update) [1044, 488]
          spatstat.random : 2.2-0 from spatstat.core         (add) [1044, 489]
            spatstat.core : 2.3-0 -> 2.4-2                (update) [1044, 490]
          spatstat.linnet : 2.3-0 -> 2.3-2                (update) [1044, 491]
                 spatstat : 2.2-0 -> 2.3-4                (update) [1044, 492]
                   pracma : 2.3.3 -> 2.3.8                (update) [1044, 493]
                    RCurl : 1.98-1.5 -> 1.98-1.6          (update) [1044, 494]
                    bio3d : 2.4-2 -> 2.4-3                (update) [1044, 495]
                      AUC : 0.3.0 -> 0.3.2                (update) [1044, 496]
               interpretR : 0.2.4                           (keep) [1044, 497]
                    cvAUC : 1.1.0 -> 1.1.4                (update) [1044, 498]
             SuperLearner : 2.0-28                          (keep) [1044, 499]
                mediation : 4.5.0                           (keep) [1044, 500]
                     CVST : 0.2-2 -> 0.2-3                (update) [1044, 501]
                      DRR : 0.0.4                           (keep) [1044, 502]
                   dimRed : 0.2.3 -> 0.2.5                (update) [1044, 503]
                  ddalpha : 1.3.11 -> 1.3.13              (update) [1044, 504]
                 RcppRoll : 0.3.0                           (keep) [1044, 505]
                   adabag : 4.2                             (keep) [1044, 506]
              parallelMap : 1.5.1                           (keep) [1044, 507]
             ParamHelpers : 1.14                            (keep) [1044, 508]
                    ggvis : 0.4.7                           (keep) [1044, 509]
                      mlr : 2.19.0                          (keep) [1044, 510]
               unbalanced : 2.0                             (keep) [1044, 511]
                    RSNNS : 0.4-14                          (keep) [1044, 512]
                 abc.data : 1.0                             (keep) [1044, 513]
                      abc : 2.1                             (keep) [1044, 514]
                      lhs : 1.1.3 -> 1.1.5                (update) [1044, 515]
                  tensorA : 0.36.2                          (keep) [1044, 516]
                  EasyABC : 1.5                             (keep) [1044, 517]
                  whisker : 0.4                             (keep) [1044, 518]
                 roxygen2 : 7.1.2                           (keep) [1044, 519]
                    git2r : 0.28.0 -> 0.30.1              (update) [1044, 520]
                rversions : 2.1.1                           (keep) [1044, 521]
                    xopen : 1.0.0                           (keep) [1044, 522]
              sessioninfo : 1.2.0 -> 1.2.2                (update) [1044, 523]
                rcmdcheck : 1.4.0                           (keep) [1044, 524]
                  remotes : 2.4.1 -> 2.4.2                (update) [1044, 525]
               clisymbols : 1.2.0                           (keep) [1044, 526]
                      ini : 0.3.1                           (keep) [1044, 527]
                 gitcreds : 0.1.1                           (keep) [1044, 528]
                       gh : 1.3.0                           (keep) [1044, 529]
              credentials : 1.3.1 -> 1.3.2                (update) [1044, 530]
                     gert : 1.4.1 -> 1.6.0                (update) [1044, 531]
                  usethis : 2.1.3 -> 2.1.5                (update) [1044, 532]
                     covr : 3.5.1                           (keep) [1044, 533]
                 devtools : 2.4.2 -> 2.4.3                (update) [1044, 534]
                     Rook : 1.1-1                           (keep) [1044, 535]
                    Cairo : 1.5-12.2 -> 1.5-15            (update) [1044, 536]
                  RMTstat : 0.3 -> 0.3.1                  (update) [1044, 537]
                 Lmoments : 1.3-1                           (keep) [1044, 538]
               distillery : 1.2-1                           (keep) [1044, 539]
                 extRemes : 2.1-1                           (keep) [1044, 540]
                  tkrplot : 0.0-26                          (keep) [1044, 541]
                   misc3d : 0.9-1                           (keep) [1044, 542]
                multicool : 0.1-12                          (keep) [1044, 543]
                   plot3D : 1.4                             (keep) [1044, 544]
                plot3Drgl : 1.0.2                           (keep) [1044, 545]
                OceanView : 1.0.6                           (keep) [1044, 546]
                       ks : 1.13.2 -> 1.13.5              (update) [1044, 547]
               logcondens : 2.1.6                           (keep) [1044, 548]
                      Iso : 0.0-18.1                        (keep) [1044, 549]
                penalized : 0.9-51 -> 0.9-52              (update) [1044, 550]
             clusterRepro : 0.9                             (keep) [1044, 551]
                data.tree : 1.0.0                           (keep) [1044, 552]
               influenceR : 0.1.0.1                         (keep) [1044, 553]
               visNetwork : 2.1.0                           (keep) [1044, 554]
               downloader : 0.4                             (keep) [1044, 555]
               DiagrammeR : 1.0.6.1 -> 1.0.9              (update) [1044, 556]
          randomForestSRC : 2.13.0 -> 3.1.0               (update) [1044, 557]
                       sm : 2.2-5.7                         (keep) [1044, 558]
                 pbivnorm : 0.6.0                           (keep) [1044, 559]
                   lavaan : 0.6-9 -> 0.6-11               (update) [1044, 560]
               matrixcalc : 1.0-5                           (keep) [1044, 561]
                      arm : 1.12-2                          (keep) [1044, 562]
                       mi : 1.0                             (keep) [1044, 563]
                    servr : 0.23 -> 0.24                  (update) [1044, 564]
                    rgexf : 0.16.2                          (keep) [1044, 565]
                      sem : 3.1-13 -> 3.1-15              (update) [1044, 566]
           statnet.common : 4.5.0                           (keep) [1044, 567]
                  network : 1.17.1                          (keep) [1044, 568]
                      rle : 0.9.2                           (keep) [1044, 569]
                      sna : 2.6                             (keep) [1044, 570]
                   glasso : 1.11                            (keep) [1044, 571]
                     huge : 1.3.5                           (keep) [1044, 572]
                d3Network : 0.5.2.1                         (keep) [1044, 573]
                  BDgraph : 2.64 -> 2.66                  (update) [1044, 574]
             graphlayouts : 0.7.1 -> 0.8.0                (update) [1044, 575]
                   tweenr : 1.0.2                           (keep) [1044, 576]
                  ggforce : 0.3.3                           (keep) [1044, 577]
                tidygraph : 1.2.0 -> 1.2.1                (update) [1044, 578]
                   ggraph : 2.0.5                           (keep) [1044, 579]
                   qgraph : 1.9 -> 1.9.2                  (update) [1044, 580]
                  HWxtest : 1.1.9                           (keep) [1044, 581]
                diveRsity : 1.9.90                          (keep) [1044, 582]
                   doSNOW : 1.0.19 -> 1.0.20              (update) [1044, 583]
                  geepack : 1.3-2 -> 1.3.3                (update) [1044, 584]
                     biom : 0.3.12                          (keep) [1044, 585]
                      pim : 2.0.2                           (keep) [1044, 586]
               minpack.lm : 1.2-1 -> 1.2-2                (update) [1044, 587]
                rootSolve : 1.8.2.3                         (keep) [1044, 588]
                  diagram : 1.6.5                           (keep) [1044, 589]
                      FME : 1.3.6.2                         (keep) [1044, 590]
                      bmp : 0.3                             (keep) [1044, 591]
                     tiff : 0.1-8 -> 0.1-11               (update) [1044, 592]
               readbitmap : 0.1.5                           (keep) [1044, 593]
                   imager : 0.42.10 -> 0.42.13            (update) [1044, 594]
                   signal : 0.7-7                           (keep) [1044, 595]
                    tuneR : 1.3.3.1 -> 1.4.0              (update) [1044, 596]
                  pastecs : 1.3.21                          (keep) [1044, 597]
                    audio : 0.1-8 -> 0.1-10               (update) [1044, 598]
                     fftw : 1.0-6 -> 1.0-7                (update) [1044, 599]
                  seewave : 2.1.8 -> 2.2.0                (update) [1044, 600]
                      gsw : 1.0-6                           (keep) [1044, 601]
                       wk : 0.5.0 -> 0.6.0                (update) [1044, 602]
                       s2 : 1.0.7                           (keep) [1044, 603]
                       sf : 1.0-3 -> 1.0-7                (update) [1044, 604]
                      oce : 1.4-0 -> 1.7-2                (update) [1044, 605]
                     ineq : 0.2-13                          (keep) [1044, 606]
             soundecology : 1.3.3                           (keep) [1044, 607]
                   memuse : 4.2-1                           (keep) [1044, 608]
                 pinfsc50 : 1.2.0                           (keep) [1044, 609]
                     vcfR : 1.12.0                          (keep) [1044, 610]
                   glmmML : 1.1.1 -> 1.1.2                (update) [1044, 611]
                  cowplot : 1.1.1                           (keep) [1044, 612]
                     tsne : 0.1-3 -> 0.1-3.1              (update) [1044, 613]
                       sn : 2.0.0 -> 2.0.2                (update) [1044, 614]
                   tclust : 1.4-2                           (keep) [1044, 615]
                   ranger : 0.13.1                          (keep) [1044, 616]
                   hexbin : 1.28.2                          (keep) [1044, 617]
                   lobstr : 1.1.1                           (keep) [1044, 618]
                     pryr : 0.1.5                           (keep) [1044, 619]
                  moments : 0.14                            (keep) [1044, 620]
                   laeken : 0.5.2                           (keep) [1044, 621]
                      VIM : 6.1.1                           (keep) [1044, 622]
                 smoother : 1.1                             (keep) [1044, 623]
           dynamicTreeCut : 1.63-1                          (keep) [1044, 624]
                 beeswarm : 0.4.0                           (keep) [1044, 625]
                    vipor : 0.4.5                           (keep) [1044, 626]
               ggbeeswarm : 0.6.0                           (keep) [1044, 627]
           shinydashboard : 0.7.2                           (keep) [1044, 628]
                    rrcov : 1.6-0 -> 1.7-0                (update) [1044, 629]
                 WriteXLS : 6.3.0 -> 6.4.0                (update) [1044, 630]
                      bst : 0.3-23                          (keep) [1044, 631]
                     pamr : 1.56.1                          (keep) [1044, 632]
                WeightSVM : 1.7-9                           (keep) [1044, 633]
                    mpath : 0.4-2.19 -> 0.4-2.22          (update) [1044, 634]
                  timereg : 2.0.1 -> 2.0.2                (update) [1044, 635]
                   peperr : 1.3 -> 1.4                    (update) [1044, 636]
                 heatmap3 : 1.1.9                           (keep) [1044, 637]
            GlobalOptions : 0.1.2                           (keep) [1044, 638]
                 circlize : 0.4.13 -> 0.4.14              (update) [1044, 639]
               GetoptLong : 1.0.5                           (keep) [1044, 640]
               dendextend : 1.15.2                          (keep) [1044, 641]
                  RInside : 0.2.16 -> 0.2.17              (update) [1044, 642]
                 limSolve : 1.5.6                           (keep) [1044, 643]
                   dbplyr : 2.1.1                           (keep) [1044, 644]
                   modelr : 0.1.8                           (keep) [1044, 645]
                  debugme : 1.1.0                           (keep) [1044, 646]
                   reprex : 2.0.1                           (keep) [1044, 647]
                  selectr : 0.4-2                           (keep) [1044, 648]
                    rvest : 1.0.2                           (keep) [1044, 649]
                   dtplyr : 1.1.0 -> 1.2.1                (update) [1044, 650]
                   gargle : 1.2.0                           (keep) [1044, 651]
              googledrive : 2.0.0                           (keep) [1044, 652]
                      ids : 1.0.1                           (keep) [1044, 653]
            googlesheets4 : 1.0.0                           (keep) [1044, 654]
                tidyverse : 1.3.1                           (keep) [1044, 655]
                    R.rsp : 0.44.0                          (keep) [1044, 656]
                gdistance : 1.3-6                           (keep) [1044, 657]
                  vioplot : 0.3.7                           (keep) [1044, 658]
                 emulator : 1.2-21                          (keep) [1044, 659]
                      gmm : 1.6-6                           (keep) [1044, 660]
                 tmvtnorm : 1.4-10 -> 1.5                 (update) [1044, 661]
                  IDPmisc : 1.1.20                          (keep) [1044, 662]
                      gap : 1.2.3-1                         (keep) [1044, 663]
                     qrnn : 2.0.5                           (keep) [1044, 664]
                      TMB : 1.7.22 -> 1.8.1               (update) [1044, 665]
                  glmmTMB : 1.1.2.3 -> 1.1.3              (update) [1044, 666]
                      gmp : 0.6-2 -> 0.6-5                (update) [1044, 667]
                      ROI : 1.0-0                           (keep) [1044, 668]
                    Rglpk : 0.6-4                           (keep) [1044, 669]
          ROI.plugin.glpk : 1.0-0                           (keep) [1044, 670]
                    spaMM : 3.9.13 -> 3.11.14             (update) [1044, 671]
                     qgam : 1.3.3 -> 1.3.4                (update) [1044, 672]
                   DHARMa : 0.4.4 -> 0.4.5                (update) [1044, 673]
                  mvnfast : 0.2.7                           (keep) [1044, 674]
           bridgesampling : 1.1-2                           (keep) [1044, 675]
            BayesianTools : 0.1.7                           (keep) [1044, 676]
                    gomms : 1.0                             (keep) [1044, 677]
                  feather : 0.3.5                           (keep) [1044, 678]
                  dummies : 1.5.6                           (keep) [1044, 679]
                   SimSeq : 1.4.0                           (keep) [1044, 680]
            uniqueAtomMat : 0.1-3-2                         (keep) [1044, 681]
               PoissonSeq : 1.1.2                           (keep) [1044, 682]
                      aod : 1.3.1 -> 1.3.2                (update) [1044, 683]
                cghFLasso : 0.2-1                           (keep) [1044, 684]
                      svd : 0.5 -> 0.5.1                  (update) [1044, 685]
                     Rssa : 1.0.4                           (keep) [1044, 686]
                  JBTools : 0.7.2.9                         (keep) [1044, 687]
                    RUnit : 0.4.32                          (keep) [1044, 688]
        DistributionUtils : 0.6-0                           (keep) [1044, 689]
                  gapfill : 0.9.6-1                         (keep) [1044, 690]
                      gee : 4.13-20 -> 4.13-22            (update) [1044, 691]
                 Matching : 4.9-11 -> 4.10-2              (update) [1044, 692]
                  MatchIt : 4.3.0 -> 4.3.4                (update) [1044, 693]
                  RItools : 0.1-17 -> 0.1-18              (update) [1044, 694]
                  mitools : 2.4                             (keep) [1044, 695]
                   survey : 4.1-1                           (keep) [1044, 696]
                   rlemon : 0.2.0 from optmatch              (add) [1044, 697]
                 optmatch : 0.9-15 -> 0.10.0              (update) [1044, 698]
                  SPAtest : 3.1.2                           (keep) [1044, 699]
                 RSpectra : 0.16-1 from SKAT                 (add) [1044, 700]
                     SKAT : 2.0.1 -> 2.2.4                (update) [1044, 701]
             GillespieSSA : 0.6.1 -> 0.6.2                (update) [1044, 702]
               startupmsg : 0.9.6                           (keep) [1044, 703]
                    distr : 2.8.0                           (keep) [1044, 704]
                  distrEx : 2.8.0                           (keep) [1044, 705]
                  minerva : 1.5.10                          (keep) [1044, 706]
                   KODAMA : 1.8 -> 1.9                    (update) [1044, 707]
                   locfdr : 1.1-8                           (keep) [1044, 708]
                      ica : 1.0-2                           (keep) [1044, 709]
                      dtw : 1.22-3                          (keep) [1044, 710]
                 SDMTools : 1.1-221.2                       (keep) [1044, 711]
                 ggridges : 0.5.3                           (keep) [1044, 712]
                  TFisher : 0.2.0                           (keep) [1044, 713]
                     lsei : 1.3-0                           (keep) [1044, 714]
                   npsurv : 0.5-0                           (keep) [1044, 715]
             fitdistrplus : 1.1-6 -> 1.1-8                (update) [1044, 716]
                     here : 1.0.1                           (keep) [1044, 717]
                 RcppTOML : 0.1.7 from reticulate            (add) [1044, 718]
               reticulate : 1.22 -> 1.24                  (update) [1044, 719]
                    hdf5r : 1.3.4 -> 1.3.5                (update) [1044, 720]
                   DTRreg : 1.7                             (keep) [1044, 721]
                   pulsar : 0.3.7                           (keep) [1044, 722]
                   bayesm : 3.1-4                           (keep) [1044, 723]
                      gsl : 2.1-7 -> 2.1-7.1              (update) [1044, 724]
                   energy : 1.7-8 -> 1.7-10               (update) [1044, 725]
             compositions : 2.0-2 -> 2.0-4                (update) [1044, 726]
                 clustree : 0.4.3 -> 0.4.4                (update) [1044, 727]
                   plotly : 4.10.0                          (keep) [1044, 728]
                  tweedie : 2.3.3                           (keep) [1044, 729]
                  RcppGSL : 0.3.10 -> 0.3.11              (update) [1044, 730]
                  mvabund : 4.1.12 -> 4.2.1               (update) [1044, 731]
                  fishMod : 0.29                            (keep) [1044, 732]
                    gllvm : 1.3.1                           (keep) [1044, 733]
                   grpreg : 3.4.0                           (keep) [1044, 734]
                    trust : 0.1-8                           (keep) [1044, 735]
               lpSolveAPI : 5.5.2.0-17.7                    (keep) [1044, 736]
                     ergm : 4.1.2                           (keep) [1044, 737]
           networkDynamic : 0.11.0 -> 0.11.1              (update) [1044, 738]
                    tergm : 4.0.2                           (keep) [1044, 739]
               ergm.count : 4.0.2                           (keep) [1044, 740]
                     tsna : 0.3.4 -> 0.3.5                (update) [1044, 741]
                  statnet : 2019.6                          (keep) [1044, 742]
              aggregation : 1.0.1                           (keep) [1044, 743]
                   ComICS : 1.0.4                           (keep) [1044, 744]
                  dtangle : 2.0.9                           (keep) [1044, 745]
                     mcmc : 0.9-7                           (keep) [1044, 746]
                 MCMCpack : 1.6-0 -> 1.6-3                (update) [1044, 747]
              shinythemes : 1.2.0                           (keep) [1044, 748]
                    csSAM : 1.2.4                           (keep) [1044, 749]
               bridgedist : 0.1.0 -> 0.1.1                (update) [1044, 750]
                   asnipe : 1.1.16                          (keep) [1044, 751]
                liquidSVM : 1.2.4                           (keep) [1044, 752]
                oddsratio : 2.0.1                           (keep) [1044, 753]
                  mltools : 0.3.5                           (keep) [1044, 754]
                      h2o : 3.34.0.3 -> 3.36.0.4          (update) [1044, 755]
                    mlegp : 3.1.8 -> 3.1.9                (update) [1044, 756]
                itertools : 0.1-3                           (keep) [1044, 757]
               missForest : 1.4 -> 1.5                    (update) [1044, 758]
          bartMachineJARs : 1.1                             (keep) [1044, 759]
              bartMachine : 1.2.6                           (keep) [1044, 760]
                      lqa : 1.0-3                           (keep) [1044, 761]
          PresenceAbsence : 1.1.9 -> 1.1.10               (update) [1044, 762]
                     GUTS : 1.1.1 -> 1.2.3                (update) [1044, 763]
                    GenSA : 1.1.7                           (keep) [1044, 764]
                parsedate : 1.2.1 -> 1.3.0                (update) [1044, 765]
                 circular : 0.4-93 -> 0.4-94.1            (update) [1044, 766]
                     cobs : 1.3-4                           (keep) [1044, 767]
                 resample : 0.4                             (keep) [1044, 768]
                  MIIVsem : 0.5.8                           (keep) [1044, 769]
                  medflex : 0.6-7                           (keep) [1044, 770]
                   Rserve : 1.7-3.1 -> 1.8-10             (update) [1044, 771]
                     spls : 2.2-3                           (keep) [1044, 772]
                   Boruta : 7.0.0                           (keep) [1044, 773]
                       dr : 3.0.10                          (keep) [1044, 774]
                   CovSel : 1.2.1                           (keep) [1044, 775]
                     tmle : 1.5.0.2                         (keep) [1044, 776]
                    ctmle : 0.1.2                           (keep) [1044, 777]
                 BayesPen : 1.0                             (keep) [1044, 778]
                   inline : 0.3.19                          (keep) [1044, 779]
                      BMA : 3.18.15 -> 3.18.17            (update) [1044, 780]
                     BCEE : 1.3.0                           (keep) [1044, 781]
                     bacr : 1.0.1                           (keep) [1044, 782]
                     clue : 0.3-60                          (keep) [1044, 783]
                bdsmatrix : 1.3-4                           (keep) [1044, 784]
                fftwtools : 0.9-11                          (keep) [1044, 785]
              imagerExtra : 1.3.2                           (keep) [1044, 786]
               MALDIquant : 1.20 -> 1.21                  (update) [1044, 787]
                  threejs : 0.3.3                           (keep) [1044, 788]
            LaplacesDemon : 16.1.6                          (keep) [1044, 789]
                      rda : 1.0.2-2.1                       (keep) [1044, 790]
                 sampling : 2.9                             (keep) [1044, 791]
                      lda : 1.4.2                           (keep) [1044, 792]
                  jiebaRD : 0.1                             (keep) [1044, 793]
                   jiebaR : 0.11                            (keep) [1044, 794]
                      hdm : 0.3.1                           (keep) [1044, 795]
                      abe : 3.0.1                           (keep) [1044, 796]
                SignifReg : 4.2 -> 4.3                    (update) [1044, 797]
                    bbmle : 1.0.24                          (keep) [1044, 798]
                  emdbook : 1.3.12                          (keep) [1044, 799]
                     SOAR : 0.99-11                         (keep) [1044, 800]
                rasterVis : 0.51.0 -> 0.51.2              (update) [1044, 801]
                   tictoc : 1.0.1                           (keep) [1044, 802]
                 ISOcodes : 2021.02.24 -> 2022.01.10      (update) [1044, 803]
                stopwords : 2.3                             (keep) [1044, 804]
              janeaustenr : 0.1.5                           (keep) [1044, 805]
                SnowballC : 0.7.0                           (keep) [1044, 806]
               tokenizers : 0.2.1                           (keep) [1044, 807]
                 hunspell : 3.0.1                           (keep) [1044, 808]
              topicmodels : 0.2-12                          (keep) [1044, 809]
                 tidytext : 0.3.2                           (keep) [1044, 810]
          splitstackshape : 1.4.8                           (keep) [1044, 811]
                grImport2 : 0.2-0                           (keep) [1044, 812]
                  preseqR : 4.0.0                           (keep) [1044, 813]
                      idr : 1.2                             (keep) [1044, 814]
                  entropy : 1.3.1                           (keep) [1044, 815]
                     kedd : 1.0.3                           (keep) [1044, 816]
             HiddenMarkov : 1.8-13                          (keep) [1044, 817]
                 lmerTest : 3.1-3                           (keep) [1044, 818]
                      loo : 2.4.1 -> 2.5.1                (update) [1044, 819]
             RcppParallel : 5.1.4 -> 5.1.5                (update) [1044, 820]
              StanHeaders : 2.21.0-7                        (keep) [1044, 821]
                       V8 : 3.4.2 -> 4.1.0                (update) [1044, 822]
                    rstan : 2.21.2 -> 2.21.5              (update) [1044, 823]
                  Rborist : 0.2-3                           (keep) [1044, 824]
                    VSURF : 1.1.0                           (keep) [1044, 825]
                    mRMRe : 2.1.2                           (keep) [1044, 826]
                    dHSIC : 2.1                             (keep) [1044, 827]
                    ggsci : 2.9                             (keep) [1044, 828]
                 ggsignif : 0.6.3                           (keep) [1044, 829]
                 corrplot : 0.90 -> 0.92                  (update) [1044, 830]
                  rstatix : 0.7.0                           (keep) [1044, 831]
                    ggfan : 0.1.3                           (keep) [1044, 832]
                   ggpubr : 0.4.0                           (keep) [1044, 833]
                 yaImpute : 1.0-32                          (keep) [1044, 834]
       intrinsicDimension : 1.2.0                           (keep) [1044, 835]
                patchwork : 1.1.1                           (keep) [1044, 836]
                   leiden : 0.3.9                           (keep) [1044, 837]
              sctransform : 0.3.2 -> 0.3.3                (update) [1044, 838]
                  packrat : 0.7.0                           (keep) [1044, 839]
             colourpicker : 1.1.1                           (keep) [1044, 840]
                  ggExtra : 0.9 -> 0.10.0                 (update) [1044, 841]
               findpython : 1.0.7                           (keep) [1044, 842]
                 argparse : 2.1.2 -> 2.1.5                (update) [1044, 843]
               intergraph : 2.0-2                           (keep) [1044, 844]
                ggnetwork : 0.5.10                          (keep) [1044, 845]
                    qqman : 0.1.8                           (keep) [1044, 846]
               rstantools : 2.1.1 -> 2.2.0                (update) [1044, 847]
           distributional : 0.3.0 from posterior             (add) [1044, 848]
                posterior : 1.2.1 from bayesplot             (add) [1044, 849]
                bayesplot : 1.8.1 -> 1.9.0                (update) [1044, 850]
                 dygraphs : 1.1.1.6                         (keep) [1044, 851]
                rsconnect : 0.8.24 -> 0.8.25              (update) [1044, 852]
                shinystan : 2.5.0 -> 2.6.0                (update) [1044, 853]
                   optimx : 2021-10.12                      (keep) [1044, 854]
                    gamm4 : 0.2-6                           (keep) [1044, 855]
                 projpred : 2.0.2 -> 2.1.1                (update) [1044, 856]
           distributional : 0.2.2                      (duplicate) [1044, 856]
                posterior : 1.1.0                      (duplicate) [1044, 856]
                     brms : 2.16.1 -> 2.17.0              (update) [1044, 857]
                    drgee : 1.1.10                          (keep) [1044, 858]
                   stdReg : 3.4.1                           (keep) [1044, 859]
                   mcmcse : 1.5-0                           (keep) [1044, 860]
                   copCAR : 2.0-4                           (keep) [1044, 861]
               batchmeans : 1.0-4                           (keep) [1044, 862]
                ngspatial : 1.2-2                           (keep) [1044, 863]
                     BIGL : 1.6.5                           (keep) [1044, 864]
                drugCombo : 1.2.1                           (keep) [1044, 865]
                  betareg : 3.1-4                           (keep) [1044, 866]
                 unmarked : 1.1.1                           (keep) [1044, 867]
                  maxlike : 0.1-8                           (keep) [1044, 868]
                    coxme : 2.2-16                          (keep) [1044, 869]
               AICcmodavg : 2.3-1                           (keep) [1044, 870]
                   pacman : 0.5.1                           (keep) [1044, 871]
                     spaa : 0.2.2                           (keep) [1044, 872]
                   maxnet : 0.1.4                           (keep) [1044, 873]
                      oai : 0.3.2                           (keep) [1044, 874]
                wellknown : 0.7.4                           (keep) [1044, 875]
                    rgbif : 3.6.0 -> 3.7.2                (update) [1044, 876]
                    rgdal : 1.5-27 -> 1.5-31              (update) [1044, 877]
                    rgeos : 0.5-8 -> 0.5-9                (update) [1044, 878]
                  mapproj : 1.2.7 -> 1.2.8                (update) [1044, 879]
                   rbison : 1.0.0                           (keep) [1044, 880]
                   rebird : 1.3.0                           (keep) [1044, 881]
                 rvertnet : 0.8.2                           (keep) [1044, 882]
                 ridigbio : 0.3.5                           (keep) [1044, 883]
                    spocc : 1.2.0                           (keep) [1044, 884]
                   spThin : 0.2.0                           (keep) [1044, 885]
       rangeModelMetadata : 0.1.4                           (keep) [1044, 886]
                  ENMeval : 2.0.1 -> 2.0.3                (update) [1044, 887]
                   plotmo : 3.6.1                           (keep) [1044, 888]
                    earth : 5.3.1                           (keep) [1044, 889]
                      mda : 0.5-2                           (keep) [1044, 890]
                  biomod2 : 3.5.1                           (keep) [1044, 891]
                    poLCA : 1.4.1 -> 1.6.0.1              (update) [1044, 892]
                 PermAlgo : 1.1                             (keep) [1044, 893]
                    coxed : 0.3.3                           (keep) [1044, 894]
                   testit : 0.13                            (keep) [1044, 895]
                NISTunits : 1.0.1                           (keep) [1044, 896]
                celestial : 1.4.6                           (keep) [1044, 897]
                fasterize : 1.0.3                           (keep) [1044, 898]
                     RPMM : 1.25                            (keep) [1044, 899]
              RefFreeEWAS : 2.2                             (keep) [1044, 900]
                wordcloud : 2.6                             (keep) [1044, 901]
                     JADE : 2.0-3                           (keep) [1044, 902]
               awsMethods : 1.1-1                           (keep) [1044, 903]
                      aws : 2.5-1                           (keep) [1044, 904]
                      ruv : 0.9.7.1                         (keep) [1044, 905]
                    mhsmm : 0.4.16                          (keep) [1044, 906]
                   dbarts : 0.9-20 -> 0.9-22              (update) [1044, 907]
                proftools : 0.99-3                          (keep) [1044, 908]
                   NCmisc : 1.1.6                           (keep) [1044, 909]
                   reader : 1.0.6                           (keep) [1044, 910]
                 gnumeric : 0.7-8                           (keep) [1044, 911]
                   tcltk2 : 1.2-11                          (keep) [1044, 912]
                  readODS : 1.7.0                           (keep) [1044, 913]
                  nortest : 1.0-4                           (keep) [1044, 914]
                 EnvStats : 2.4.0 -> 2.7.0                (update) [1044, 915]
                 outliers : 0.14 -> 0.15                  (update) [1044, 916]
                 elementR : 1.3.7                           (keep) [1044, 917]
                gWidgets2 : 1.0-8 -> 1.0-9                (update) [1044, 918]
           gWidgets2tcltk : 1.0-6 -> 1.0-8                (update) [1044, 919]
                    mgsub : 1.7.3                           (keep) [1044, 920]
                  ie2misc : 0.8.6 -> 0.8.8                (update) [1044, 921]
           assertive.base : 0.0-9                           (keep) [1044, 922]
     assertive.properties : 0.0-4 -> 0.0-5                (update) [1044, 923]
          assertive.types : 0.0-3                           (keep) [1044, 924]
        assertive.numbers : 0.0-2                           (keep) [1044, 925]
        assertive.strings : 0.0-3                           (keep) [1044, 926]
      assertive.datetimes : 0.0-3                           (keep) [1044, 927]
          assertive.files : 0.0-2                           (keep) [1044, 928]
           assertive.sets : 0.0-3                           (keep) [1044, 929]
       assertive.matrices : 0.0-2                           (keep) [1044, 930]
         assertive.models : 0.0-2                           (keep) [1044, 931]
           assertive.data : 0.0-3                           (keep) [1044, 932]
        assertive.data.uk : 0.0-2                           (keep) [1044, 933]
        assertive.data.us : 0.0-2                           (keep) [1044, 934]
     assertive.reflection : 0.0-5                           (keep) [1044, 935]
           assertive.code : 0.0-3                           (keep) [1044, 936]
                assertive : 0.3-6                           (keep) [1044, 937]
                   rdrop2 : 0.8.2.1                         (keep) [1044, 938]
                    Exact : 3.0 -> 3.1                    (update) [1044, 939]
                     lmom : 2.8                             (keep) [1044, 940]
                      gld : 2.6.2 -> 2.6.4                (update) [1044, 941]
                DescTools : 0.99.43 -> 0.99.44            (update) [1044, 942]
             orthopolynom : 1.0-5                           (keep) [1044, 943]
                gaussquad : 1.0-2                           (keep) [1044, 944]
                    nlsem : 0.8                             (keep) [1044, 945]
                 tableone : 0.13.0 -> 0.13.2              (update) [1044, 946]
                  jstable : 1.0.7                           (keep) [1044, 947]
                     RCAL : 2.0                             (keep) [1044, 948]
                stargazer : 5.2.2 -> 5.2.3                (update) [1044, 949]
                sensemakr : 0.1.4                           (keep) [1044, 950]
             CompQuadForm : 1.4.3                           (keep) [1044, 951]
                 nonnest2 : 0.5-5                           (keep) [1044, 952]
                  blavaan : 0.3-17 -> 0.4-1               (update) [1044, 953]
                 mathjaxr : 1.4-0 -> 1.6-0                (update) [1044, 954]
                  metadat : 1.2-0 from metafor               (add) [1044, 955]
                  metafor : 3.0-2 -> 3.4-0                (update) [1044, 956]
                     fmri : 1.9.6                           (keep) [1044, 957]
              AnalyzeFMRI : 1.1-24                          (keep) [1044, 958]
                 linkcomm : 1.0-14                          (keep) [1044, 959]
                rnetcarto : 0.2.4                           (keep) [1044, 960]
                  DEoptim : 2.2-6                           (keep) [1044, 961]
                optextras : 2019-12.4                       (keep) [1044, 962]
                   setRNG : 2013.9-1 -> 2022.4-1          (update) [1044, 963]
                   Rvmmin : 2018-4.17.1                     (keep) [1044, 964]
                   Rcgmin : 2013-2.21                       (keep) [1044, 965]
                   optimr : 2019-12.16                      (keep) [1044, 966]
                   DMCfun : 2.0.2                           (keep) [1044, 967]
                 miceadds : 3.11-6 -> 3.12-26             (update) [1044, 968]
                   visdat : 0.5.3                           (keep) [1044, 969]
                   UpSetR : 1.4.0                           (keep) [1044, 970]
                     norm : 1.0-9.5 -> 1.0-10.0           (update) [1044, 971]
                   naniar : 0.6.1                           (keep) [1044, 972]
               stringdist : 0.9.8                           (keep) [1044, 973]
       image.binarization : 0.1.2                           (keep) [1044, 974]
                     lslx : 0.6.10                          (keep) [1044, 976]
                truncnorm : 1.0-8                           (keep) [1044, 977]
                   Rsolnp : 1.16                            (keep) [1044, 978]
                   regsem : 1.8.0                           (keep) [1044, 979]
                   semPLS : 1.0-10                          (keep) [1044, 980]
                 GxEScanR : 2.0.2                           (keep) [1044, 981]
                  alabama : 2015.3-1 -> 2022.4-1          (update) [1044, 982]
                   admisc : 0.26 from polycor                (add) [1044, 983]
                  polycor : 0.7-10 -> 0.8-1               (update) [1044, 984]
                 multipol : 1.0-7                           (keep) [1044, 985]
               symmoments : 1.2.1                           (keep) [1044, 986]
                     cSEM : 0.4.0                           (keep) [1044, 987]
                  cubelyr : 1.0.1                           (keep) [1044, 988]
                    furrr : 0.2.3 from broom.mixed           (add) [1044, 989]
              broom.mixed : 0.2.7 -> 0.2.9.4              (update) [1044, 990]
              DiceKriging : 1.6.0                           (keep) [1044, 991]
                      grf : 2.0.2 -> 2.1.0                (update) [1044, 992]
                  xgboost : 1.4.1.1 -> 1.6.0.1            (update) [1044, 993]
                    twang : 2.5                             (keep) [1044, 994]
                neuralnet : 1.44.2                          (keep) [1044, 995]
                PCAmatchR : 0.3.0 -> 0.3.2                (update) [1044, 996]
                  origami : 1.0.5                           (keep) [1044, 997]
                  hal9001 : 0.4.1 -> 0.4.3                (update) [1044, 998]
                   cobalt : 4.3.1 -> 4.3.2                (update) [1044, 999]
                     CBPS : 0.22 -> 0.23                  (update) [1044, 1000]
                 SBdecomp : 1.1 -> 1.2                    (update) [1044, 1001]
              naturalsort : 0.1.3                           (keep) [1044, 1002]
                   lwgeom : 0.2-8                           (keep) [1044, 1003]
                 finalfit : 1.0.3 -> 1.0.4                (update) [1044, 1004]
            broom.helpers : 1.4.0 -> 1.7.0                (update) [1044, 1005]
                       gt : 0.3.1 -> 0.5.0                (update) [1044, 1006]
                gtsummary : 1.5.0 -> 1.6.0                (update) [1044, 1007]
                    ncdf4 : 1.17 -> 1.19                  (update) [1044, 1008]
                     geex : 1.0.12                          (keep) [1044, 1009]
                momentfit : 0.2                             (keep) [1044, 1010]
                StatMatch : 1.4.0 -> 1.4.1                (update) [1044, 1011]
                    stars : 0.5-3 -> 0.5-5                (update) [1044, 1012]
               rapidjsonr : 1.2.0                           (keep) [1044, 1013]
                  jsonify : 1.2.1                           (keep) [1044, 1014]
               geometries : 0.2.0                           (keep) [1044, 1015]
                sfheaders : 0.4.0                           (keep) [1044, 1016]
                geojsonsf : 2.0.1 -> 2.0.2                (update) [1044, 1017]
        leaflet.providers : 1.9.0                           (keep) [1044, 1018]
                  leaflet : 2.0.4.1 -> 2.1.1              (update) [1044, 1019]
                 leafsync : 0.1.0                           (keep) [1044, 1020]
                   leafem : 0.1.6 -> 0.2.0                (update) [1044, 1021]
              widgetframe : 0.3.1                           (keep) [1044, 1022]
                tmaptools : 3.1-1                           (keep) [1044, 1023]
                     tmap : 3.3-2 -> 3.3-3                (update) [1044, 1024]
                 collapse : 1.6.5 -> 1.7.6                (update) [1044, 1025]
                genoPlotR : 0.8.11                          (keep) [1044, 1026]
               VineCopula : 2.4.3                           (keep) [1044, 1027]
                    Rmpfr : 0.8-7                           (keep) [1044, 1028]
                     scam : 1.2-12                          (keep) [1044, 1029]
                   copula : 1.0-1                           (keep) [1044, 1030]
                      evd : 2.3-3 -> 2.3-6                (update) [1044, 1031]
                    ismev : 1.42                            (keep) [1044, 1032]
                     GJRM : 0.2-5.1 -> 0.2-6              (update) [1044, 1033]
                    penfa : 0.1.1                           (keep) [1044, 1034]
                  rngWELL : 0.10-7                          (keep) [1044, 1035]
              randtoolbox : 1.31.1                          (keep) [1044, 1036]
                    kde1d : 1.0.3 -> 1.0.4                (update) [1044, 1037]
               RcppThread : 1.0.0 -> 2.1.3                (update) [1044, 1038]
                      wdm : 0.2.2 -> 0.2.3                (update) [1044, 1039]
             rvinecopulib : 0.6.1.1.1 -> 0.6.1.1.3        (update) [1044, 1040]
                PearsonDS : 1.2.1 -> 1.2.2                (update) [1044, 1041]
                   covsim : 0.2.1                           (keep) [1044, 1042]
                 semTools : 0.5-5                           (keep) [1044, 1043]
              GPArotation : 2014.11-1 -> 2022.4-1         (update) [1044, 1044]
                  dcurver : 0.9.2                           (keep) [1044, 1045]
                     mirt : 1.35.1 -> 1.36.1              (update) [1044, 1046]
                      rpf : 1.0.11                          (keep) [1044, 1047]
                   OpenMx : 2.19.8 -> 2.20.6              (update) [1044, 1048]
                   matlab : 1.0.2                           (keep) [1044, 1049]
             FactorCopula : 0.8                             (keep) [1044, 1050]
                    rpact : 3.2.1 -> 3.2.3                (update) [1044, 1051]
                 ldbounds : 1.1-1.1 -> 2.0.0              (update) [1044, 1052]
                 catlearn : 0.8 -> 0.9.1                  (update) [1044, 1053]
Duplicate: MASS
Duplicate: cli
Duplicate: data.table
Duplicate: distributional
Duplicate: posterior
                  hardhat : 0.2.0 from recipes               (add) [1044, 195]
                  recipes : 0.1.17 -> 0.2.0               (update) [1044, 196]

                  weights : 1.0.4 from TraMineR              (add) [1044, 414]
                 TraMineR : 2.2-2 -> 2.2-3                (update) [1044, 415]

          spatstat.random : 2.2-0 from spatstat.core         (add) [1044, 489]
            spatstat.core : 2.3-0 -> 2.4-2                (update) [1044, 490]

                   rlemon : 0.2.0 from optmatch              (add) [1044, 697]
                 optmatch : 0.9-15 -> 0.10.0              (update) [1044, 698]

                 RSpectra : 0.16-1 from SKAT                 (add) [1044, 700]
                     SKAT : 2.0.1 -> 2.2.4                (update) [1044, 701]

                 RcppTOML : 0.1.7 from reticulate            (add) [1044, 718]
               reticulate : 1.22 -> 1.24                  (update) [1044, 719]

                  metadat : 1.2-0 from metafor               (add) [1044, 955]
                  metafor : 3.0-2 -> 3.4-0                (update) [1044, 956]

                   admisc : 0.26 from polycor                (add) [1044, 983]
                  polycor : 0.7-10 -> 0.8-1               (update) [1044, 984]

                    furrr : 0.2.3 from broom.mixed           (add) [1044, 989]
              broom.mixed : 0.2.7 -> 0.2.9.4              (update) [1044, 990]
