== reading extensions from: R-4.0.5-foss-2020b.eb
processing: fhR
                    rlist : 0.4.6.1                         (keep) [413, 1]
                     perm : 1.0-0.0                         (keep) [413, 2]
                    ncdf4 : 1.17                            (keep) [413, 3]
                     webp : 1.0                             (keep) [413, 4]
                     qpdf : 1.1                             (keep) [413, 5]
                 pdftools : 2.3.1 -> 3.0.1                (update) [413, 6]
                    scidb : 3.0.0                           (keep) [413, 7]
                  ssgraph : 1.12                            (keep) [413, 8]
                    pdist : 1.2                             (keep) [413, 9]
                 regtools : 1.1.0                           (keep) [413, 10]
                 partools : 1.1.6                           (keep) [413, 11]
              RPostgreSQL : 0.6-2                           (keep) [413, 12]
                   gsubfn : 0.7                             (keep) [413, 13]
                    sqldf : 0.4-11                          (keep) [413, 14]
                     alr3 : 2.0.8                           (keep) [413, 15]
                     sets : 1.0-18                          (keep) [413, 16]
              psychotools : 0.6-0 -> 0.6-1                (update) [413, 17]
                relations : 0.6-9                           (keep) [413, 18]
                benchmark : 0.3-6                           (keep) [413, 19]
                     Bhat : 0.9-10                          (keep) [413, 20]
                    biglm : 0.9-2.1                         (keep) [413, 21]
                  Bolstad : 0.2-41                          (keep) [413, 22]
                 Bolstad2 : 1.0-28                          (keep) [413, 23]
                   qvcalc : 1.0.2                           (keep) [413, 24]
            BradleyTerry2 : 1.1-2                           (keep) [413, 25]
                  catdata : 1.2.2                           (keep) [413, 26]
                  compare : 0.2-6                           (keep) [413, 27]
                     DAAG : 1.24                            (keep) [413, 28]
                degreenet : 1.3-3                           (keep) [413, 29]
                    doMPI : 0.2.2                           (keep) [413, 30]
               elasticnet : 1.3                             (keep) [413, 31]
                tergmLite : 2.2.1                           (keep) [413, 32]
                 EpiModel : 2.0.3 -> 2.0.5                (update) [413, 33]
                      ash : 1.0-15                          (keep) [413, 34]
                   hdrcde : 3.4                             (keep) [413, 35]
                  rainbow : 3.6                             (keep) [413, 36]
                      fds : 1.8                             (keep) [413, 37]
                      fda : 5.1.9                           (keep) [413, 38]
               fit.models : 0.64                            (keep) [413, 39]
                      fts : 0.9.9.2                         (keep) [413, 40]
                  glmpath : 0.98                            (keep) [413, 41]
                 hapassoc : 1.2-8                           (keep) [413, 42]
                 HaploSim : 1.8.4                           (keep) [413, 43]
                  arsenal : 3.6.2 -> 3.6.3                (update) [413, 44]
              haplo.stats : 1.8.6                           (keep) [413, 45]
               igraphdata : 1.0.1                           (keep) [413, 46]
                     repr : 1.1.3                           (keep) [413, 47]
                IRdisplay : 1.0                             (keep) [413, 48]
                      its : 1.1.8                           (keep) [413, 49]
               kin.cohort : 0.7                             (keep) [413, 50]
                 kinship2 : 1.8.5                           (keep) [413, 51]
                   lasso2 : 1.2-21.1                        (keep) [413, 52]
                latentnet : 2.10.5                          (keep) [413, 53]
               stringdist : 0.9.6.3                         (keep) [413, 54]
                cyclocomp : 1.1.0                           (keep) [413, 55]
             xmlparsedata : 1.0.5                           (keep) [413, 56]
                    lintr : 2.0.1                           (keep) [413, 57]
                 LogicReg : 1.6.2                           (keep) [413, 58]
                   lokern : 1.1-8.1 -> 1.1-9              (update) [413, 59]
                  lpridge : 1.0-8                           (keep) [413, 60]
                  mapdata : 2.3.0                           (keep) [413, 61]
                  mapproj : 1.2.7                           (keep) [413, 62]
                 MCMCglmm : 2.32                            (keep) [413, 63]
                     mets : 1.2.8.1                         (keep) [413, 64]
                  mondate : 0.10.02                         (keep) [413, 65]
                      MPV : 1.57                            (keep) [413, 66]
                     ndtv : 0.13.0                          (keep) [413, 67]
               networksis : 2.1-3                           (keep) [413, 68]
                      nws : 1.7.0.1                         (keep) [413, 69]
              PBSddesolve : 1.12.6                          (keep) [413, 70]
                 pedigree : 1.4                             (keep) [413, 71]
               pedigreemm : 0.3-3                           (keep) [413, 72]
                 PolynomF : 2.0-3                           (keep) [413, 73]
                      qtl : 1.48-1                          (keep) [413, 74]
                R2WinBUGS : 2.1-21                          (keep) [413, 75]
                    rjags : 4-10                            (keep) [413, 76]
                   R2jags : 0.6-1                           (keep) [413, 77]
                  regress : 1.3-21                          (keep) [413, 78]
                 relevent : 1.0-4                           (keep) [413, 79]
                     Rhpc : 0.19-276                        (keep) [413, 80]
                 fasttime : 1.0-2                           (keep) [413, 81]
                  Rlabkey : 2.6.0 -> 2.7.0                (update) [413, 82]
                 RSclient : 0.7-3                           (keep) [413, 83]
                     rzmq : 0.9.7 -> 0.9.8                (update) [413, 84]
                   tables : 0.9.6                           (keep) [413, 85]
               timeSeries : 3062.100                        (keep) [413, 86]
               wavethresh : 4.6.8                           (keep) [413, 87]
                   config : 0.3.1                           (keep) [413, 88]
                    forge : 0.2.0                           (keep) [413, 89]
                     r2d3 : 0.2.5                           (keep) [413, 90]
                 sparklyr : 1.6.2 -> 1.7.0                (update) [413, 91]
                  REDCapR : 0.11.0                          (keep) [413, 92]
                     pack : 0.1-1                           (keep) [413, 93]
              GWASExactHW : 1.01                            (keep) [413, 94]
                   rslurm : 0.5.0 -> 0.6.0                (update) [413, 96]
                 diamonds : 1.0-5                           (keep) [413, 97]
          shinycssloaders : 1.0.0                           (keep) [413, 98]
                   kyotil : 2020.10-12 -> 2021.5-14       (update) [413, 99]
                  dfoptim : 2020.10-1                       (keep) [413, 100]
                   copula : 1.0-1                           (keep) [413, 101]
                   BivarP : 1.0                             (keep) [413, 102]
                argparser : 0.7.1                           (keep) [413, 103]
                  rgenoud : 5.8-3.0                         (keep) [413, 104]
             inferference : 1.0.0 -> 1.0.2                (update) [413, 105]
                 udunits2 : 0.13                            (keep) [413, 106]
          aws.ec2metadata : 0.2.0                           (keep) [413, 107]
            aws.signature : 0.6.0                           (keep) [413, 108]
                   aws.s3 : 0.3.21                          (keep) [413, 109]
                  shinyBS : 0.61                            (keep) [413, 110]
                    descr : 1.1.5                           (keep) [413, 111]
                 ggthemes : 4.2.4                           (keep) [413, 112]
                 zlibbioc : 1.36.0                          (keep) [413, 113]
             BiocGenerics : 0.36.0 -> 0.36.1              (update) [413, 114]
                    graph : 1.68.0                          (keep) [413, 115]
              BiocManager : 1.30.12 -> 1.30.15            (update) [413, 116]
             RProtoBufLib : 2.2.0                           (keep) [413, 117]
                 Rhdf5lib : 1.12.1                          (keep) [413, 118]
                  cytolib : 2.2.1                           (keep) [413, 119]
                  Biobase : 2.50.0                          (keep) [413, 120]
                S4Vectors : 0.28.1                          (keep) [413, 121]
                 flowCore : 2.2.0                           (keep) [413, 122]
                  flowViz : 1.54.0                          (keep) [413, 123]
                  IRanges : 2.24.1                          (keep) [413, 124]
                  XVector : 0.30.0                          (keep) [413, 125]
               Biostrings : 2.58.0                          (keep) [413, 126]
                 KEGGREST : 1.30.1                          (keep) [413, 127]
            AnnotationDbi : 1.52.0                          (keep) [413, 128]
                    GO.db : 3.12.1                          (keep) [413, 129]
                     gage : 2.40.1 -> 2.40.2              (update) [413, 130]
         GenomeInfoDbData : 1.2.4                           (keep) [413, 131]
             GenomeInfoDb : 1.26.7                          (keep) [413, 132]
            GenomicRanges : 1.42.0                          (keep) [413, 133]
             BiocParallel : 1.24.1                          (keep) [413, 134]
                  Rhtslib : 1.22.0                          (keep) [413, 135]
                Rsamtools : 2.6.0                           (keep) [413, 136]
           MatrixGenerics : 1.2.1                           (keep) [413, 137]
             DelayedArray : 0.16.3                          (keep) [413, 138]
     SummarizedExperiment : 1.20.0                          (keep) [413, 139]
                     amap : 0.8-18                          (keep) [413, 140]
                    limma : 3.46.0                          (keep) [413, 141]
                    edgeR : 3.32.1                          (keep) [413, 142]
        GenomicAlignments : 1.26.0                          (keep) [413, 143]
              rtracklayer : 1.50.0                          (keep) [413, 144]
            BiocFileCache : 1.14.0                          (keep) [413, 145]
                  biomaRt : 2.46.3                          (keep) [413, 146]
          GenomicFeatures : 1.42.3                          (keep) [413, 147]
                 BSgenome : 1.58.0                          (keep) [413, 148]
        VariantAnnotation : 1.36.0                          (keep) [413, 149]
                 annotate : 1.68.0                          (keep) [413, 150]
               genefilter : 1.72.1                          (keep) [413, 151]
              geneplotter : 1.68.0                          (keep) [413, 152]
                   qvalue : 2.22.0                          (keep) [413, 153]
                   impute : 1.64.0                          (keep) [413, 154]
               shinyFiles : 0.9.0                           (keep) [413, 155]
                     samr : 3.0                             (keep) [413, 156]
                   DEGseq : 1.44.0                          (keep) [413, 157]
                   DESeq2 : 1.30.1                          (keep) [413, 158]
                     RBGL : 1.66.0                          (keep) [413, 159]
          AnnotationForge : 1.32.0                          (keep) [413, 160]
                Rgraphviz : 2.34.0                          (keep) [413, 161]
                 GSEABase : 1.52.1                          (keep) [413, 162]
                     GSVA : 1.38.2                          (keep) [413, 163]
                 Category : 2.56.0                          (keep) [413, 164]
                  GOstats : 2.56.0                          (keep) [413, 165]
                ShortRead : 1.48.0                          (keep) [413, 166]
                base64url : 1.4                             (keep) [413, 167]
               batchtools : 0.9.15                          (keep) [413, 168]
                      DOT : 0.1                             (keep) [413, 169]
                     rsvg : 2.1 -> 2.1.2                  (update) [413, 170]
              systemPipeR : 1.24.3 -> 1.24.6              (update) [413, 171]
            RcppNumerical : 0.4-0                           (keep) [413, 172]
                   apeglm : 1.12.0                          (keep) [413, 173]
                truncnorm : 1.0-8                           (keep) [413, 174]
                   mixsqp : 0.3-43                          (keep) [413, 175]
                  etrunct : 0.1                             (keep) [413, 176]
                 invgamma : 1.1                             (keep) [413, 177]
                     ashr : 2.2-47                          (keep) [413, 178]
             GreyListChIP : 1.22.0                          (keep) [413, 179]
                 DiffBind : 3.0.15                          (keep) [413, 180]
                   affyio : 1.60.0                          (keep) [413, 181]
           preprocessCore : 1.52.1                          (keep) [413, 182]
                     affy : 1.68.0                          (keep) [413, 183]
             org.Hs.eg.db : 3.12.0                          (keep) [413, 184]
             org.Mm.eg.db : 3.12.0                          (keep) [413, 185]
                  KEGG.db : 3.2.4                           (keep) [413, 186]
                  annaffy : 1.62.0                          (keep) [413, 187]
                    gcrma : 2.62.0                          (keep) [413, 188]
             oligoClasses : 1.52.0                          (keep) [413, 189]
                  PFAM.db : 3.12.0                          (keep) [413, 190]
                   baySeq : 2.24.0                          (keep) [413, 191]
           hgu133plus2.db : 3.2.3                           (keep) [413, 192]
               illuminaio : 0.32.0                          (keep) [413, 193]
               bumphunter : 1.32.0                          (keep) [413, 194]
                   scrime : 1.3.5                           (keep) [413, 195]
                 multtest : 2.46.0                          (keep) [413, 196]
                 siggenes : 1.64.0                          (keep) [413, 197]
                   DynDoc : 1.68.0                          (keep) [413, 198]
                  genoset : 1.45.1                          (keep) [413, 199]
                   NOISeq : 2.34.0                          (keep) [413, 200]
              RNASeqPower : 1.30.0                          (keep) [413, 201]
   interactiveDisplayBase : 1.28.0                          (keep) [413, 202]
              BiocVersion : 3.12.0                          (keep) [413, 203]
            AnnotationHub : 2.22.0 -> 2.22.1              (update) [413, 204]
             ProtGenerics : 1.22.0                          (keep) [413, 205]
         AnnotationFilter : 1.14.0                          (keep) [413, 206]
                ensembldb : 2.14.0 -> 2.14.1              (update) [413, 207]
               biovizBase : 1.38.0                          (keep) [413, 208]
              OrganismDbi : 1.32.0                          (keep) [413, 209]
                    ggbio : 1.38.0                          (keep) [413, 210]
           ReportingTools : 2.30.2                          (keep) [413, 211]
                   Glimma : 2.0.0                           (keep) [413, 212]
            affycoretools : 1.62.0                          (keep) [413, 213]
TxDb.Hsapiens.UCSC.hg19.knownGene : 3.2.2                   (keep) [413, 214]
             Homo.sapiens : 1.3.1                           (keep) [413, 215]
BSgenome.Hsapiens.UCSC.hg19 : 1.4.3                         (keep) [413, 216]
              AgiMicroRna : 2.40.0                          (keep) [413, 217]
          geneLenDataBase : 1.26.0                          (keep) [413, 219]
                    goseq : 1.42.0                          (keep) [413, 220]
                KEGGgraph : 1.50.0                          (keep) [413, 221]
              KEGGprofile : 1.32.0                          (keep) [413, 222]
                 GEOquery : 2.58.0                          (keep) [413, 223]
                      msa : 1.22.0                          (keep) [413, 224]
                 tidytree : 0.3.3 -> 0.3.4                (update) [413, 225]
                  rvcheck : 0.1.8                           (keep) [413, 226]
                   treeio : 1.14.3 -> 1.14.4              (update) [413, 227]
                    aplot : 0.0.6                           (keep) [413, 228]
                   ggtree : 2.4.1 -> 2.4.2                (update) [413, 229]
              LymphoSeqDB : 0.99.2                          (keep) [413, 230]
                   UpSetR : 1.4.0                           (keep) [413, 231]
                LymphoSeq : 1.18.0                          (keep) [413, 232]
                 RSpectra : 0.16-0                          (keep) [413, 233]
                  rARPACK : 0.11-0                          (keep) [413, 234]
                 mixOmics : 6.14.0 -> 6.14.1              (update) [413, 235]
             rhdf5filters : 1.2.0 -> 1.2.1                (update) [413, 236]
                    rhdf5 : 2.34.0                          (keep) [413, 237]
                HDF5Array : 1.18.1                          (keep) [413, 238]
        sparseMatrixStats : 1.2.1                           (keep) [413, 239]
       DelayedMatrixStats : 1.12.3                          (keep) [413, 240]
                    minfi : 1.36.0                          (keep) [413, 241]
FDb.InfiniumMethylation.hg19 : 2.2.0                        (keep) [413, 242]
                methylumi : 2.36.0                          (keep) [413, 243]
                     lumi : 2.42.0                          (keep) [413, 244]
              widgetTools : 1.68.0                          (keep) [413, 245]
                tkWidgets : 1.68.0                          (keep) [413, 246]
                    Mfuzz : 2.50.0                          (keep) [413, 247]
                   admisc : 0.12 -> 0.15                  (update) [413, 248]
                     venn : 1.10                            (keep) [413, 249]
                 maSigPro : 1.62.0                          (keep) [413, 250]
                     SPIA : 2.42.0                          (keep) [413, 251]
                     Gviz : 1.34.1                          (keep) [413, 252]
               cummeRbund : 2.32.0                          (keep) [413, 253]
             GenomicFiles : 1.26.0                          (keep) [413, 254]
          derfinderHelper : 1.24.1                          (keep) [413, 255]
                derfinder : 1.24.2                          (keep) [413, 256]
                polyester : 1.26.0                          (keep) [413, 257]
                 Rsubread : 2.4.3                           (keep) [413, 258]
               pcaMethods : 1.82.0                          (keep) [413, 259]
                   marray : 1.68.0                          (keep) [413, 260]
                  CGHbase : 1.50.0                          (keep) [413, 261]
                   Wrench : 1.8.0                           (keep) [413, 262]
               lpsymphony : 1.18.0                          (keep) [413, 263]
                      IHW : 1.18.0                          (keep) [413, 264]
            metagenomeSeq : 1.32.0                          (keep) [413, 265]
                   gdsfmt : 1.26.1                          (keep) [413, 266]
                SNPRelate : 1.24.0                          (keep) [413, 267]
                     NADA : 1.6-1.1                         (keep) [413, 268]
            zCompositions : 1.3.4                           (keep) [413, 269]
                   ALDEx2 : 1.22.0                          (keep) [413, 270]
                    dada2 : 1.18.0                          (keep) [413, 271]
                  chipseq : 1.40.0                          (keep) [413, 272]
                  DNAcopy : 1.64.0                          (keep) [413, 273]
                  EBImage : 4.32.0                          (keep) [413, 274]
                  fastseg : 1.36.0                          (keep) [413, 275]
                   hopach : 2.50.0                          (keep) [413, 276]
                  seqLogo : 1.56.0                          (keep) [413, 277]
                   rGADEM : 2.38.0                          (keep) [413, 278]
                     PICS : 2.34.0                          (keep) [413, 279]
                      vsn : 3.58.0                          (keep) [413, 280]
                    Ringo : 1.54.0                          (keep) [413, 281]
                 snpStats : 1.40.0                          (keep) [413, 282]
              tilingArray : 1.68.0                          (keep) [413, 283]
IlluminaHumanMethylation450kmanifest : 0.4.0                (keep) [413, 284]
              quantsmooth : 1.56.0                          (keep) [413, 285]
                GWASTools : 1.36.0                          (keep) [413, 286]
                 SeqArray : 1.30.0                          (keep) [413, 287]
              SeqVarTools : 1.28.1                          (keep) [413, 288]
                  GENESIS : 2.20.1                          (keep) [413, 289]
                 ncdfFlow : 2.36.0                          (keep) [413, 290]
            flowWorkspace : 4.2.0                           (keep) [413, 291]
                 TitanCNA : 1.28.0                          (keep) [413, 292]
                  HMMcopy : 1.32.0                          (keep) [413, 293]
                flowStats : 4.2.0                           (keep) [413, 294]
                flowClust : 3.28.0                          (keep) [413, 295]
                 openCyto : 2.2.0                           (keep) [413, 296]
               rbenchmark : 1.0.0                           (keep) [413, 297]
                      pbs : 1.1                             (keep) [413, 298]
                   RLRsim : 3.1-6                           (keep) [413, 299]
                   refund : 0.1-23                          (keep) [413, 300]
                breakaway : 3.0                             (keep) [413, 301]
                 rstanarm : 2.21.1                          (keep) [413, 302]
                    furrr : 0.2.2                           (keep) [413, 303]
                modeldata : 0.1.0                           (keep) [413, 304]
                     warp : 0.2.0                           (keep) [413, 305]
                   slider : 0.2.1                           (keep) [413, 306]
                  rsample : 0.0.9 -> 0.1.0                (update) [413, 307]
               DiceDesign : 1.9                             (keep) [413, 308]
                    dials : 0.0.9                           (keep) [413, 309]
                    GPfit : 1.0-8                           (keep) [413, 310]
                  parsnip : 0.1.5 -> 0.1.6                (update) [413, 311]
                  hardhat : 0.1.5                           (keep) [413, 312]
                workflows : 0.2.2                           (keep) [413, 313]
                yardstick : 0.0.8                           (keep) [413, 314]
                     tune : 0.1.3 -> 0.1.5                (update) [413, 315]
             workflowsets : 0.0.1 -> 0.0.2                (update) [413, 316]
            tidyposterior : 0.1.0                           (keep) [413, 317]
              tidypredict : 0.4.8                           (keep) [413, 318]
                    infer : 0.5.4                           (keep) [413, 319]
               conflicted : 1.0.4 from tidymodels            (add) [413, 320]
               tidymodels : 0.1.2 -> 0.1.3                (update) [413, 321]
           HSMMSingleCell : 1.10.0                          (keep) [413, 323]
                 regioneR : 1.22.0                          (keep) [413, 324]
             ChIPpeakAnno : 3.24.2                          (keep) [413, 325]
               MatrixEQTL : 2.3                             (keep) [413, 326]
                    curry : 0.1.1 from doBy                  (add) [413, 327]
           microbenchmark : 1.4-7 from doBy                  (add) [413, 328]
                     doBy : 4.6.9 -> 4.6.10               (update) [413, 329]
                refGenome : 1.7.7                           (keep) [413, 330]
                     rsvd : 1.0.3 -> 1.0.5                (update) [413, 331]
                  faraway : 1.0.7                           (keep) [413, 332]
                 epitools : 0.5-10.1                        (keep) [413, 333]
                 bookdown : 0.21 -> 0.22                  (update) [413, 334]
                BiocStyle : 2.18.1                          (keep) [413, 335]
                  COMPASS : 1.28.0                          (keep) [413, 336]
                RcppAnnoy : 0.0.18                          (keep) [413, 337]
                    sitmo : 2.0.1                           (keep) [413, 338]
                    dqrng : 0.2.1 -> 0.3.0                (update) [413, 339]
                hypergate : 0.8.3                           (keep) [413, 340]
             diffusionMap : 1.2.0                           (keep) [413, 341]
                   ggcyto : 1.18.0                          (keep) [413, 342]
                   CytoML : 2.2.2                           (keep) [413, 343]
                      ALL : 1.32.0                          (keep) [413, 344]
     ConsensusClusterPlus : 1.54.0                          (keep) [413, 345]
                  FlowSOM : 1.22.0                          (keep) [413, 346]
                  xgboost : 1.3.2.1 -> 1.4.1.1            (update) [413, 347]
                    Rdsdp : 1.0.5                           (keep) [413, 348]
                 knockoff : 0.3.3                           (keep) [413, 349]
                     vimp : 2.1.9 -> 2.2.1                (update) [413, 350]
                  numbers : 0.8-1 -> 0.8-2                (update) [413, 351]
                  SemiPar : 1.0-4.2                         (keep) [413, 352]
                   squash : 1.0.9                           (keep) [413, 353]
                  iotools : 0.3-1                           (keep) [413, 354]
                 seqminer : 8.0                             (keep) [413, 355]
               copynumber : 1.30.0                          (keep) [413, 356]
                 sequenza : 3.0.0                           (keep) [413, 357]
               schoolmath : 0.4                             (keep) [413, 358]
                qdapRegex : 0.7.2                           (keep) [413, 359]
                      CMA : 1.48.0                          (keep) [413, 360]
               biomformat : 1.18.0                          (keep) [413, 361]
                 phyloseq : 1.34.0                          (keep) [413, 362]
                 DECIPHER : 2.18.1                          (keep) [413, 363]
                methylKit : 1.16.1                          (keep) [413, 364]
                poisbinom : 1.0.1                           (keep) [413, 365]
                 SNPassoc : 2.0-2                           (keep) [413, 366]
     SingleCellExperiment : 1.12.0                          (keep) [413, 367]
                     MAST : 1.16.0                          (keep) [413, 368]
                     QUIC : 1.1.1                           (keep) [413, 369]
                 RcppDate : 0.0.2 -> 0.0.3                (update) [413, 370]
                 RcppCCTZ : 0.2.9                           (keep) [413, 371]
                 nanotime : 0.3.2                           (keep) [413, 372]
                    DO.db : 2.9                             (keep) [413, 373]
                    fgsea : 1.16.0                          (keep) [413, 374]
                 GOSemSim : 2.16.1                          (keep) [413, 375]
                     DOSE : 3.16.0                          (keep) [413, 376]
                europepmc : 0.4                             (keep) [413, 377]
             gridGraphics : 0.5-1                           (keep) [413, 378]
                ggplotify : 0.0.5 -> 0.0.7                (update) [413, 379]
               scatterpie : 0.1.5 -> 0.1.6                (update) [413, 380]
               shadowtext : 0.0.7 -> 0.0.8                (update) [413, 381]
               enrichplot : 1.10.2                          (keep) [413, 382]
          clusterProfiler : 3.18.1                          (keep) [413, 383]
                      sva : 3.38.0                          (keep) [413, 384]
                babelgene : 21.4 from msigdbr                (add) [413, 385]
                  msigdbr : 7.2.1 -> 7.4.1                (update) [413, 386]
                 pathview : 1.30.1                          (keep) [413, 387]
              MAGeCKFlute : 1.10.0                          (keep) [413, 388]
               forestplot : 1.10.1                          (keep) [413, 389]
                    Gmisc : 2.0.1 -> 2.0.2                (update) [413, 390]
                   bezier : 1.1.2                           (keep) [413, 391]
               bamsignals : 1.22.0                          (keep) [413, 392]
              karyoploteR : 1.16.0                          (keep) [413, 393]
              systemfonts : 1.0.1 -> 1.0.2                (update) [413, 394]
                  gdtools : 0.2.3                           (keep) [413, 395]
                   arules : 1.6-7 -> 1.6-8                (update) [413, 396]
                 CLONETv2 : 2.1.0                           (keep) [413, 397]
                   RNifti : 1.3.0 -> 1.3.1                (update) [413, 398]
                  RPresto : 1.3.5 -> 1.3.6                (update) [413, 399]
                oro.nifti : 0.11.0                          (keep) [413, 400]
               smfishHmrf : 0.1                             (keep) [413, 401]
                    nabor : 0.5.0                           (keep) [413, 403]
                 poweRlaw : 0.70.6                          (keep) [413, 404]
                     CNEr : 1.26.0                          (keep) [413, 405]
     DirichletMultinomial : 1.32.0                          (keep) [413, 406]
                TFMPvalue : 0.0.8                           (keep) [413, 407]
                TFBSTools : 1.28.0                          (keep) [413, 408]
                 ggdendro : 0.1.22                          (keep) [413, 409]
                 chromVAR : 1.12.0                          (keep) [413, 410]
               ChIPseeker : 1.26.2                          (keep) [413, 411]
              motifmatchr : 1.12.0                          (keep) [413, 412]
                     uwot : 0.1.10                          (keep) [413, 413]
           ComplexHeatmap : 2.6.2                           (keep) [413, 414]
               reticulate : 1.20                       (duplicate) [413, 415]
Duplicate: reticulate
