running: /home/jfdey/projects/easy_update/easy_update.py
== reading extensions from: R-4.1.2-foss-2020b.eb
== Not Found: libwebp-1.1.0-foss-2020b.eb
== Not Found: PostgreSQL-13.2-foss-2020b.eb
== reading extensions from: JAGS-4.3.0-foss-2020b.eb
== Not Found: GLPK-4.65-foss-2020b.eb
== Not Found: poppler-20.12.1-foss-2020b.eb
== Not Found: NLopt-2.6.2-foss-2020b.eb
== Not Found: libGLU-9.0.1-foss-2020b.eb
== Not Found: Mesa-20.2.1-foss-2020b.eb
== Not Found: cairo-1.16.0-foss-2020b.eb
== Not Found: ICU-67.1-foss-2020b.eb
== Not Found: netCDF-4.7.4-foss-2020b.eb
== Not Found: ZeroMQ-4.3.3-foss-2020b.eb
== reading extensions from: SYMPHONY-5.6.17-foss-2020b.eb
== reading extensions from: igraph-0.8.5-foss-2020b.eb
== Not Found: OpenJPEG-2.4.0-foss-2020b.eb
== Not Found: UnZip-6.0-foss-2020b.eb
== Not Found: zlib-1.2.11-foss-2020b.eb
== Not Found: NSS-3.57-foss-2020b.eb
== Not Found: librsvg-2.50.2-foss-2020b.eb
== Not Found: protobuf-3.14.0-foss-2020b.eb
== Not Found: unixODBC-2.3.9-foss-2020b.eb
processing: fhR
                    rlist : 0.4.6.2                         (keep) [443, 1]
                     perm : 1.0-0.0 -> 1.0-0.2            (update) [443, 2]
                    ncdf4 : 1.17                       (duplicate) [443, 2]
                     webp : 1.0 -> 1.1.0                  (update) [443, 3]
                     qpdf : 1.1                             (keep) [443, 4]
                 pdftools : 3.0.1                           (keep) [443, 5]
                    scidb : 3.0.0                           (keep) [443, 6]
                  ssgraph : 1.12                            (keep) [443, 7]
                    pdist : 1.2                             (keep) [443, 8]
                 regtools : 1.1.0                           (keep) [443, 9]
                 partools : 1.1.6                           (keep) [443, 10]
              RPostgreSQL : 0.7 -> 0.7-3                  (update) [443, 11]
                   gsubfn : 0.7                             (keep) [443, 12]
                    sqldf : 0.4-11                          (keep) [443, 13]
                     alr3 : 2.0.8                           (keep) [443, 14]
                     sets : 1.0-18 -> 1.0-19              (update) [443, 15]
              psychotools : 0.6-1 -> 0.7-0                (update) [443, 16]
                relations : 0.6-9 -> 0.6-10               (update) [443, 17]
                benchmark : 0.3-6                           (keep) [443, 18]
                     Bhat : 0.9-10                          (keep) [443, 19]
                    biglm : 0.9-2.1                         (keep) [443, 20]
                  Bolstad : 0.2-41                          (keep) [443, 21]
                 Bolstad2 : 1.0-28                          (keep) [443, 22]
                   qvcalc : 1.0.2                           (keep) [443, 23]
            BradleyTerry2 : 1.1-2                           (keep) [443, 24]
                  catdata : 1.2.2                           (keep) [443, 25]
                  compare : 0.2-6                           (keep) [443, 26]
                     DAAG : 1.24                            (keep) [443, 27]
                degreenet : 1.3-3                           (keep) [443, 28]
                    doMPI : 0.2.2                           (keep) [443, 29]
               elasticnet : 1.3                             (keep) [443, 30]
                tergmLite : 2.5.0 -> 2.5.5                (update) [443, 31]
                 EpiModel : 2.1.0 -> 2.2.0                (update) [443, 32]
                      ash : 1.0-15                          (keep) [443, 33]
                   hdrcde : 3.4                             (keep) [443, 34]
                  rainbow : 3.6                             (keep) [443, 35]
                      fds : 1.8                             (keep) [443, 36]
                      fda : 5.1.9 -> 5.5.1                (update) [443, 37]
               fit.models : 0.64                            (keep) [443, 38]
                      fts : 0.9.9.2                         (keep) [443, 39]
                  glmpath : 0.98                            (keep) [443, 40]
                 hapassoc : 1.2-8                           (keep) [443, 41]
                 HaploSim : 1.8.4                           (keep) [443, 42]
                  arsenal : 3.6.3                           (keep) [443, 43]
              haplo.stats : 1.8.7                           (keep) [443, 44]
               igraphdata : 1.0.1                           (keep) [443, 45]
                     repr : 1.1.3                           (keep) [443, 46]
                IRdisplay : 1.0                             (keep) [443, 47]
                      its : 1.1.8                           (keep) [443, 48]
               kin.cohort : 0.7                             (keep) [443, 49]
                 kinship2 : 1.8.5                           (keep) [443, 50]
                   lasso2 : 1.2-21.1 -> 1.2-22            (update) [443, 51]
                latentnet : 2.10.5                          (keep) [443, 52]
                cyclocomp : 1.1.0                           (keep) [443, 53]
             xmlparsedata : 1.0.5                           (keep) [443, 54]
                    lintr : 2.0.1                           (keep) [443, 55]
                 LogicReg : 1.6.4                           (keep) [443, 56]
                   lokern : 1.1-9                           (keep) [443, 57]
                  lpridge : 1.0-8                           (keep) [443, 58]
                  mapdata : 2.3.0                           (keep) [443, 59]
                 MCMCglmm : 2.32                            (keep) [443, 60]
                     mets : 1.2.9                           (keep) [443, 61]
                  mondate : 0.10.02                         (keep) [443, 62]
                      MPV : 1.57                            (keep) [443, 63]
                     ndtv : 0.13.1 -> 0.13.2              (update) [443, 64]
               networksis : 2.1-3                           (keep) [443, 65]
                      nws : 1.7.0.1                         (keep) [443, 66]
              PBSddesolve : 1.12.6                          (keep) [443, 67]
                 pedigree : 1.4                             (keep) [443, 68]
               pedigreemm : 0.3-3                           (keep) [443, 69]
                 PolynomF : 2.0-3                           (keep) [443, 70]
                      qtl : 1.48-1 -> 1.50                (update) [443, 71]
                R2WinBUGS : 2.1-21                          (keep) [443, 72]
                    rjags : 4-10 -> 4-12                  (update) [443, 73]
                   R2jags : 0.7-1                           (keep) [443, 74]
                  regress : 1.3-21                          (keep) [443, 75]
                 relevent : 1.0-4 -> 1.1                  (update) [443, 76]
                     Rhpc : 0.21-247                        (keep) [443, 77]
                 fasttime : 1.0-2                           (keep) [443, 78]
                  Rlabkey : 2.8.1                           (keep) [443, 79]
                 RSclient : 0.7-3 -> 0.7-6                (update) [443, 80]
                     rzmq : 0.9.8                           (keep) [443, 81]
                   tables : 0.9.6                           (keep) [443, 82]
               timeSeries : 3062.100                        (keep) [443, 83]
               wavethresh : 4.6.8                           (keep) [443, 84]
                   config : 0.3.1                           (keep) [443, 85]
                    forge : 0.2.0                           (keep) [443, 86]
                     r2d3 : 0.2.5                           (keep) [443, 87]
                 sparklyr : 1.7.1 -> 1.7.2                (update) [443, 88]
                  REDCapR : 1.0.0                           (keep) [443, 89]
                     pack : 0.1-1                           (keep) [443, 90]
              GWASExactHW : 1.01                            (keep) [443, 91]
                   rslurm : 0.6.0 -> 0.6.1                (update) [443, 93]
                 diamonds : 1.0-5                           (keep) [443, 94]
          shinycssloaders : 1.0.0                           (keep) [443, 95]
                   kyotil : 2021.5-14                       (keep) [443, 96]
                  dfoptim : 2020.10-1                       (keep) [443, 97]
                   copula : 1.0-1                           (keep) [443, 98]
                   BivarP : 1.0                             (keep) [443, 99]
                argparser : 0.7.1                           (keep) [443, 100]
                  rgenoud : 5.8-3.0                         (keep) [443, 101]
             inferference : 1.0.2                           (keep) [443, 102]
                 udunits2 : 0.13 -> 0.13.1                (update) [443, 103]
          aws.ec2metadata : 0.2.0                           (keep) [443, 104]
            aws.signature : 0.6.0                           (keep) [443, 105]
                   aws.s3 : 0.3.21                          (keep) [443, 106]
                  shinyBS : 0.61                            (keep) [443, 107]
                    descr : 1.1.5                           (keep) [443, 108]
                 ggthemes : 4.2.4                           (keep) [443, 109]
                 zlibbioc : 1.38.0 -> 1.40.0              (update) [443, 110]
             BiocGenerics : 0.38.0 -> 0.40.0              (update) [443, 111]
                    graph : 1.70.0 -> 1.72.0              (update) [443, 112]
              BiocManager : 1.30.16                         (keep) [443, 113]
                RProtoBuf : 0.4.17                          (keep) [443, 114]
             RProtoBufLib : 2.4.0 -> 2.6.0                (update) [443, 115]
                 Rhdf5lib : 1.14.2 -> 1.16.0              (update) [443, 116]
                  cytolib : 2.4.0 -> 2.6.0                (update) [443, 117]
                  Biobase : 2.52.0 -> 2.54.0              (update) [443, 118]
                S4Vectors : 0.30.0 -> 0.32.3              (update) [443, 119]
                 flowCore : 2.4.0 -> 2.6.0                (update) [443, 120]
                  flowViz : 1.56.0 -> 1.58.0              (update) [443, 121]
                  IRanges : 2.26.0 -> 2.28.0              (update) [443, 122]
                  XVector : 0.32.0 -> 0.34.0              (update) [443, 123]
         GenomeInfoDbData : 1.2.6 -> 1.2.7                (update) [443, 124]
             GenomeInfoDb : 1.28.4 -> 1.30.0              (update) [443, 125]
               Biostrings : 2.60.2 -> 2.62.0              (update) [443, 126]
                 KEGGREST : 1.32.0 -> 1.34.0              (update) [443, 127]
            AnnotationDbi : 1.54.1 -> 1.56.2              (update) [443, 128]
                    GO.db : 3.13.0 -> 3.14.0              (update) [443, 129]
                     gage : 2.42.0 -> 2.44.0              (update) [443, 130]
            GenomicRanges : 1.44.0 -> 1.46.1              (update) [443, 131]
             BiocParallel : 1.26.2 -> 1.28.1              (update) [443, 132]
                  Rhtslib : 1.24.0 -> 1.26.0              (update) [443, 133]
                Rsamtools : 2.8.0 -> 2.10.0               (update) [443, 134]
           MatrixGenerics : 1.4.3 -> 1.6.0                (update) [443, 135]
             DelayedArray : 0.18.0 -> 0.20.0              (update) [443, 136]
     SummarizedExperiment : 1.22.0 -> 1.24.0              (update) [443, 137]
                     amap : 0.8-18                          (keep) [443, 138]
                    limma : 3.48.3 -> 3.50.0              (update) [443, 139]
                    edgeR : 3.34.1 -> 3.36.0              (update) [443, 140]
        GenomicAlignments : 1.28.0 -> 1.30.0              (update) [443, 141]
                   BiocIO : 1.2.0 -> 1.4.0                (update) [443, 142]
                 restfulr : 0.0.13                          (keep) [443, 143]
              rtracklayer : 1.52.1 -> 1.54.0              (update) [443, 144]
                 filelock : 1.0.2                           (keep) [443, 145]
            BiocFileCache : 2.0.0 -> 2.2.0                (update) [443, 146]
                  biomaRt : 2.48.3 -> 2.50.1              (update) [443, 147]
          GenomicFeatures : 1.44.2 -> 1.46.1              (update) [443, 148]
                 BSgenome : 1.60.0 -> 1.62.0              (update) [443, 149]
        VariantAnnotation : 1.38.0 -> 1.40.0              (update) [443, 150]
                 annotate : 1.70.0 -> 1.72.0              (update) [443, 151]
               genefilter : 1.74.0 -> 1.76.0              (update) [443, 152]
              geneplotter : 1.70.0 -> 1.72.0              (update) [443, 153]
                   qvalue : 2.24.0 -> 2.26.0              (update) [443, 154]
                   impute : 1.66.0 -> 1.68.0              (update) [443, 155]
               shinyFiles : 0.9.0 -> 0.9.1                (update) [443, 156]
                     samr : 3.0                             (keep) [443, 157]
                   DEGseq : 1.46.0 -> 1.48.0              (update) [443, 158]
                   DESeq2 : 1.32.0 -> 1.34.0              (update) [443, 159]
                     RBGL : 1.68.0 -> 1.70.0              (update) [443, 160]
          AnnotationForge : 1.34.0 -> 1.36.0              (update) [443, 161]
                Rgraphviz : 2.36.0 -> 2.38.0              (update) [443, 162]
                 GSEABase : 1.54.0 -> 1.56.0              (update) [443, 163]
     SingleCellExperiment : 1.14.1 -> 1.16.0              (update) [443, 164]
        sparseMatrixStats : 1.4.2 -> 1.6.0                (update) [443, 165]
       DelayedMatrixStats : 1.14.3 -> 1.16.0              (update) [443, 166]
             rhdf5filters : 1.4.0 -> 1.6.0                (update) [443, 167]
                    rhdf5 : 2.36.0 -> 2.38.0              (update) [443, 168]
                HDF5Array : 1.20.0 -> 1.22.1              (update) [443, 169]
                 beachmat : 2.8.1 -> 2.10.0               (update) [443, 170]
             ScaledMatrix : 1.0.0 -> 1.2.0                (update) [443, 171]
                     rsvd : 1.0.5                           (keep) [443, 172]
             BiocSingular : 1.8.1 -> 1.10.0               (update) [443, 173]
                     GSVA : 1.40.1 -> 1.42.0              (update) [443, 174]
                 Category : 2.58.0 -> 2.60.0              (update) [443, 175]
                  GOstats : 2.58.0 -> 2.60.0              (update) [443, 176]
                ShortRead : 1.50.0 -> 1.52.0              (update) [443, 177]
                base64url : 1.4                             (keep) [443, 178]
               batchtools : 0.9.15                          (keep) [443, 179]
                      DOT : 0.1                             (keep) [443, 180]
                     rsvg : 2.1.2                           (keep) [443, 181]
              systemPipeR : 1.26.3 -> 2.0.1               (update) [443, 182]
            RcppNumerical : 0.4-0                           (keep) [443, 183]
                   apeglm : 1.14.0 -> 1.16.0              (update) [443, 184]
                   mixsqp : 0.3-43                          (keep) [443, 185]
                  etrunct : 0.1                             (keep) [443, 186]
                 invgamma : 1.1                             (keep) [443, 187]
                     ashr : 2.2-47                          (keep) [443, 188]
             GreyListChIP : 1.24.0 -> 1.26.0              (update) [443, 189]
                 DiffBind : 3.2.6 -> 3.4.0                (update) [443, 190]
                   affyio : 1.62.0 -> 1.64.0              (update) [443, 191]
           preprocessCore : 1.54.0 -> 1.56.0              (update) [443, 192]
                     affy : 1.70.0 -> 1.72.0              (update) [443, 193]
             org.Hs.eg.db : 3.13.0 -> 3.14.0              (update) [443, 194]
             org.Mm.eg.db : 3.13.0 -> 3.14.0              (update) [443, 195]
                  annaffy : 1.64.2 -> 1.66.0              (update) [443, 197]
                    gcrma : 2.64.0 -> 2.66.0              (update) [443, 198]
               affxparser : 1.64.1 -> 1.66.0              (update) [443, 199]
             oligoClasses : 1.54.0 -> 1.56.0              (update) [443, 200]
                    oligo : 1.56.0 -> 1.58.0              (update) [443, 201]
                  PFAM.db : 3.13.0 -> 3.14.0              (update) [443, 202]
                   baySeq : 2.26.0 -> 2.28.0              (update) [443, 203]
           hgu133plus2.db : 3.13.0                          (keep) [443, 204]
               illuminaio : 0.34.0 -> 0.36.0              (update) [443, 205]
               bumphunter : 1.34.0 -> 1.36.0              (update) [443, 206]
                   scrime : 1.3.5                           (keep) [443, 207]
                 multtest : 2.48.0 -> 2.50.0              (update) [443, 208]
                 siggenes : 1.66.0 -> 1.68.0              (update) [443, 209]
                   DynDoc : 1.70.0 -> 1.72.0              (update) [443, 210]
                   NOISeq : 2.36.0 -> 2.38.0              (update) [443, 211]
              RNASeqPower : 1.32.0 -> 1.34.0              (update) [443, 212]
   interactiveDisplayBase : 1.30.0 -> 1.32.0              (update) [443, 213]
              BiocVersion : 3.13.1 -> 3.14.0              (update) [443, 214]
            AnnotationHub : 3.0.1 -> 3.2.0                (update) [443, 215]
             ProtGenerics : 1.24.0 -> 1.26.0              (update) [443, 216]
         AnnotationFilter : 1.16.0 -> 1.18.0              (update) [443, 217]
                ensembldb : 2.16.4 -> 2.18.2              (update) [443, 218]
               biovizBase : 1.40.0 -> 1.42.0              (update) [443, 219]
              OrganismDbi : 1.34.0 -> 1.36.0              (update) [443, 220]
                    ggbio : 1.40.0 -> 1.42.0              (update) [443, 221]
           ReportingTools : 2.32.1 -> 2.34.0              (update) [443, 222]
                   Glimma : 2.2.0 -> 2.4.0                (update) [443, 223]
            affycoretools : 1.64.0 -> 1.66.0              (update) [443, 224]
TxDb.Hsapiens.UCSC.hg19.knownGene : 3.2.2                   (keep) [443, 225]
             Homo.sapiens : 1.3.1                           (keep) [443, 226]
BSgenome.Hsapiens.UCSC.hg19 : 1.4.3                         (keep) [443, 227]
              AgiMicroRna : 2.42.0 -> 2.44.0              (update) [443, 228]
          geneLenDataBase : 1.28.0 -> 1.30.0              (update) [443, 230]
                    goseq : 1.44.0 -> 1.46.0              (update) [443, 231]
                KEGGgraph : 1.52.0 -> 1.54.0              (update) [443, 232]
              KEGGprofile : 1.32.0 -> 1.36.0              (update) [443, 233]
                 GEOquery : 2.60.0 -> 2.62.1              (update) [443, 234]
                      msa : 1.24.0 -> 1.26.0              (update) [443, 235]
              yulab.utils : 0.0.4 from tidytree              (add) [443, 236]
                 tidytree : 0.3.5 -> 0.3.6                (update) [443, 237]
              yulab.utils : 0.0.2                      (duplicate) [443, 237]
                  rvcheck : 0.2.0 -> 0.2.1                (update) [443, 238]
                   treeio : 1.16.2 -> 1.18.1              (update) [443, 239]
             gridGraphics : 0.5-1                           (keep) [443, 240]
                ggplotify : 0.1.0                           (keep) [443, 241]
                    ggfun : 0.0.4 from aplot                 (add) [443, 242]
                    aplot : 0.1.0 -> 0.1.1                (update) [443, 243]
                    ggfun : 0.0.3                      (duplicate) [443, 243]
                   ggtree : 3.0.4 -> 3.2.1                (update) [443, 244]
              LymphoSeqDB : 0.99.2                          (keep) [443, 245]
                LymphoSeq : 1.20.0 -> 1.22.0              (update) [443, 246]
                 RSpectra : 0.16-0                          (keep) [443, 247]
                  rARPACK : 0.11-0                          (keep) [443, 248]
                 mixOmics : 6.16.3 -> 6.18.1              (update) [443, 249]
                    minfi : 1.38.0 -> 1.40.0              (update) [443, 250]
FDb.InfiniumMethylation.hg19 : 2.2.0                        (keep) [443, 251]
                methylumi : 2.38.0 -> 2.40.1              (update) [443, 252]
                     lumi : 2.44.0 -> 2.46.0              (update) [443, 253]
              widgetTools : 1.70.0 -> 1.72.0              (update) [443, 254]
                tkWidgets : 1.70.0 -> 1.72.0              (update) [443, 255]
                    Mfuzz : 2.52.0 -> 2.54.0              (update) [443, 256]
                   admisc : 0.18 -> 0.20                  (update) [443, 257]
                     venn : 1.10                            (keep) [443, 258]
                 maSigPro : 1.64.0 -> 1.66.0              (update) [443, 259]
                     SPIA : 2.44.0 -> 2.46.0              (update) [443, 260]
                     Gviz : 1.36.2 -> 1.38.0              (update) [443, 261]
               cummeRbund : 2.34.0 -> 2.36.0              (update) [443, 262]
             GenomicFiles : 1.28.0 -> 1.30.0              (update) [443, 263]
          derfinderHelper : 1.26.0 -> 1.28.0              (update) [443, 264]
                derfinder : 1.26.0 -> 1.28.0              (update) [443, 265]
                polyester : 1.28.0 -> 1.30.0              (update) [443, 266]
                 Rsubread : 2.6.4 -> 2.8.1                (update) [443, 267]
               pcaMethods : 1.84.0 -> 1.86.0              (update) [443, 268]
                   marray : 1.70.0 -> 1.72.0              (update) [443, 269]
                  CGHbase : 1.52.0 -> 1.54.0              (update) [443, 270]
                   Wrench : 1.10.0 -> 1.12.0              (update) [443, 271]
               lpsymphony : 1.20.0 -> 1.22.0              (update) [443, 272]
                      IHW : 1.20.0 -> 1.22.0              (update) [443, 273]
            metagenomeSeq : 1.34.0 -> 1.36.0              (update) [443, 274]
                   gdsfmt : 1.28.0 -> 1.30.0              (update) [443, 275]
                SNPRelate : 1.26.0 -> 1.28.0              (update) [443, 276]
                     NADA : 1.6-1.1                         (keep) [443, 277]
            zCompositions : 1.3.4                           (keep) [443, 278]
             RcppZiggurat : 0.1.6                           (keep) [443, 279]
                    Rfast : 2.0.3                           (keep) [443, 280]
                   ALDEx2 : 1.24.0 -> 1.26.0              (update) [443, 281]
                    dada2 : 1.20.0 -> 1.22.0              (update) [443, 282]
                  chipseq : 1.42.0 -> 1.44.0              (update) [443, 283]
                  DNAcopy : 1.66.0 -> 1.68.0              (update) [443, 284]
                  EBImage : 4.34.0 -> 4.36.0              (update) [443, 285]
                  fastseg : 1.38.0 -> 1.40.0              (update) [443, 286]
                   hopach : 2.52.0 -> 2.54.0              (update) [443, 287]
                  seqLogo : 1.58.0 -> 1.60.0              (update) [443, 288]
                   rGADEM : 2.40.0 -> 2.42.0              (update) [443, 289]
                     PICS : 2.36.0 -> 2.38.0              (update) [443, 290]
                      vsn : 3.60.0 -> 3.62.0              (update) [443, 291]
                    Ringo : 1.56.0 -> 1.58.0              (update) [443, 292]
                 snpStats : 1.42.0 -> 1.44.0              (update) [443, 293]
              tilingArray : 1.70.0 -> 1.72.0              (update) [443, 294]
IlluminaHumanMethylation450kmanifest : 0.4.0                (keep) [443, 295]
              quantsmooth : 1.58.0 -> 1.60.0              (update) [443, 296]
                GWASTools : 1.38.0 -> 1.40.0              (update) [443, 297]
                 SeqArray : 1.32.0 -> 1.34.0              (update) [443, 298]
              SeqVarTools : 1.30.0 -> 1.32.0              (update) [443, 299]
                  GENESIS : 2.22.2 -> 2.24.0              (update) [443, 300]
                 ncdfFlow : 2.38.0 -> 2.40.0              (update) [443, 301]
            flowWorkspace : 4.4.0 -> 4.6.0                (update) [443, 302]
                 TitanCNA : 1.30.0 -> 1.32.0              (update) [443, 303]
                  HMMcopy : 1.34.0 -> 1.36.0              (update) [443, 304]
                flowStats : 4.4.0 -> 4.6.0                (update) [443, 305]
                flowClust : 3.30.0 -> 3.32.0              (update) [443, 306]
                 openCyto : 2.4.0 -> 2.6.0                (update) [443, 307]
               rbenchmark : 1.0.0                           (keep) [443, 308]
                      pbs : 1.1                             (keep) [443, 309]
                   RLRsim : 3.1-6                           (keep) [443, 310]
                   refund : 0.1-24                          (keep) [443, 311]
                breakaway : 3.0                             (keep) [443, 312]
                 rstanarm : 2.21.1                          (keep) [443, 313]
                    furrr : 0.2.3                           (keep) [443, 314]
                modeldata : 0.1.1                           (keep) [443, 315]
                     warp : 0.2.0                           (keep) [443, 316]
                   slider : 0.2.2                           (keep) [443, 317]
                  rsample : 0.1.0 -> 0.1.1                (update) [443, 318]
               DiceDesign : 1.9                             (keep) [443, 319]
                    dials : 0.0.10                          (keep) [443, 320]
                    GPfit : 1.0-8                           (keep) [443, 321]
                  hardhat : 0.1.6                           (keep) [443, 322]
                  parsnip : 0.1.7                           (keep) [443, 323]
                workflows : 0.2.3 -> 0.2.4                (update) [443, 324]
                yardstick : 0.0.8 -> 0.0.9                (update) [443, 325]
                     tune : 0.1.6                           (keep) [443, 326]
             workflowsets : 0.1.0                           (keep) [443, 327]
            tidyposterior : 0.1.0                           (keep) [443, 328]
              tidypredict : 0.4.8                           (keep) [443, 329]
                    infer : 1.0.0                           (keep) [443, 330]
               conflicted : 1.0.4                           (keep) [443, 331]
               tidymodels : 0.1.3 -> 0.1.4                (update) [443, 332]
           HSMMSingleCell : 1.12.0 -> 1.14.0              (update) [443, 334]
                 regioneR : 1.24.0 -> 1.26.0              (update) [443, 335]
           InteractionSet : 1.20.0 -> 1.22.0              (update) [443, 336]
             ChIPpeakAnno : 3.26.4 -> 3.28.0              (update) [443, 337]
               MatrixEQTL : 2.3                             (keep) [443, 338]
                    curry : 0.1.1                           (keep) [443, 339]
           microbenchmark : 1.4-7 -> 1.4.9                (update) [443, 340]
                     doBy : 4.6.11                          (keep) [443, 341]
                refGenome : 1.7.7                           (keep) [443, 342]
                  faraway : 1.0.7                           (keep) [443, 343]
                 epitools : 0.5-10.1                        (keep) [443, 344]
                 bookdown : 0.24                            (keep) [443, 345]
                BiocStyle : 2.20.2 -> 2.22.0              (update) [443, 346]
                  COMPASS : 1.30.0 -> 1.32.0              (update) [443, 347]
                RcppAnnoy : 0.0.19                          (keep) [443, 348]
                    sitmo : 2.0.1 -> 2.0.2                (update) [443, 349]
                    dqrng : 0.3.0                           (keep) [443, 350]
                hypergate : 0.8.3                           (keep) [443, 351]
             diffusionMap : 1.2.0                           (keep) [443, 352]
                   ggcyto : 1.20.0 -> 1.22.0              (update) [443, 353]
                   CytoML : 2.4.0 -> 2.6.0                (update) [443, 354]
                      ALL : 1.34.0 -> 1.36.0              (update) [443, 355]
     ConsensusClusterPlus : 1.56.0 -> 1.58.0              (update) [443, 356]
               colorRamps : 2.3                             (keep) [443, 357]
               ggnewscale : 0.4.5                           (keep) [443, 358]
           ggpointdensity : 0.1.0                           (keep) [443, 359]
              scattermore : 0.7                             (keep) [443, 360]
                  FlowSOM : 2.0.0 -> 2.2.0                (update) [443, 361]
                    Rdsdp : 1.0.5 -> 1.0.5.1              (update) [443, 362]
                 knockoff : 0.3.3                           (keep) [443, 363]
                     vimp : 2.2.5                           (keep) [443, 364]
                  numbers : 0.8-2                           (keep) [443, 365]
                  SemiPar : 1.0-4.2                         (keep) [443, 366]
                   squash : 1.0.9                           (keep) [443, 367]
                  iotools : 0.3-2                           (keep) [443, 368]
                 seqminer : 8.0 -> 8.2                    (update) [443, 369]
               copynumber : 1.32.0 -> 1.34.0              (update) [443, 370]
                 sequenza : 3.0.0                           (keep) [443, 371]
               schoolmath : 0.4                             (keep) [443, 372]
                qdapRegex : 0.7.2                           (keep) [443, 373]
                      CMA : 1.50.0 -> 1.52.0              (update) [443, 374]
               biomformat : 1.20.0 -> 1.22.0              (update) [443, 375]
                 phyloseq : 1.36.0 -> 1.38.0              (update) [443, 376]
                 DECIPHER : 2.20.0 -> 2.22.0              (update) [443, 377]
                methylKit : 1.18.0 -> 1.20.0              (update) [443, 378]
                poisbinom : 1.0.1                           (keep) [443, 379]
                 SNPassoc : 2.0-2                           (keep) [443, 380]
                     MAST : 1.18.0 -> 1.20.0              (update) [443, 381]
                     odbc : 1.3.2                           (keep) [443, 382]
                     QUIC : 1.1.1                           (keep) [443, 383]
                 RcppDate : 0.0.3                           (keep) [443, 384]
                 RcppCCTZ : 0.2.9                           (keep) [443, 385]
                 nanotime : 0.3.3 -> 0.3.4                (update) [443, 386]
                    DO.db : 2.9                             (keep) [443, 387]
                    fgsea : 1.18.0 -> 1.20.0              (update) [443, 388]
                 GOSemSim : 2.18.1 -> 2.20.0              (update) [443, 389]
                     DOSE : 3.18.2 -> 3.20.1              (update) [443, 390]
                europepmc : 0.4.1                           (keep) [443, 391]
               scatterpie : 0.1.7                           (keep) [443, 392]
               shadowtext : 0.0.8 -> 0.0.9                (update) [443, 393]
               enrichplot : 1.12.2 -> 1.14.1              (update) [443, 394]
          clusterProfiler : 4.0.5 -> 4.2.0                (update) [443, 395]
                      sva : 3.40.0 -> 3.42.0              (update) [443, 396]
                babelgene : 21.4                            (keep) [443, 397]
                  msigdbr : 7.4.1                           (keep) [443, 398]
                 pathview : 1.32.0 -> 1.34.0              (update) [443, 399]
              MAGeCKFlute : 1.12.0 -> 1.14.0              (update) [443, 400]
               forestplot : 2.0.1                           (keep) [443, 401]
                    Gmisc : 2.1.0                           (keep) [443, 402]
                   bezier : 1.1.2                           (keep) [443, 403]
               bamsignals : 1.24.0 -> 1.26.0              (update) [443, 404]
              karyoploteR : 1.18.0 -> 1.20.0              (update) [443, 405]
              systemfonts : 1.0.2 -> 1.0.3                (update) [443, 406]
                  gdtools : 0.2.3                           (keep) [443, 407]
                   arules : 1.6-8 -> 1.7-1                (update) [443, 408]
                   dbscan : 1.1-8 from CLONETv2              (add) [443, 409]
                 CLONETv2 : 2.1.0 -> 2.2.1                (update) [443, 410]
                   RNifti : 1.3.1                           (keep) [443, 411]
                  RPresto : 1.3.7                           (keep) [443, 412]
                oro.nifti : 0.11.0                          (keep) [443, 413]
                    nabor : 0.5.0                           (keep) [443, 414]
                 poweRlaw : 0.70.6                          (keep) [443, 415]
                     CNEr : 1.28.0 -> 1.30.0              (update) [443, 416]
     DirichletMultinomial : 1.34.0 -> 1.36.0              (update) [443, 417]
                TFMPvalue : 0.0.8                           (keep) [443, 418]
                TFBSTools : 1.30.0 -> 1.32.0              (update) [443, 419]
                 ggdendro : 0.1.22                          (keep) [443, 420]
                 chromVAR : 1.14.0 -> 1.16.0              (update) [443, 421]
               ChIPseeker : 1.28.3 -> 1.30.2              (update) [443, 422]
              motifmatchr : 1.14.0 -> 1.16.0              (update) [443, 423]
                     uwot : 0.1.10                          (keep) [443, 424]
           ComplexHeatmap : 2.8.0 -> 2.10.0               (update) [443, 425]
                quantoptr : 0.1.3                           (keep) [443, 427]
                  fANCOVA : 0.6-1                           (keep) [443, 428]
                 RcppHNSW : 0.3.0                           (keep) [443, 429]
            BiocNeighbors : 1.10.0 -> 1.12.0              (update) [443, 430]
                      drc : 3.0-1                           (keep) [443, 431]
                  scuttle : 1.2.1 -> 1.4.0                (update) [443, 432]
                   scater : 1.20.1 -> 1.22.0              (update) [443, 433]
                 CATALYST : 1.16.2 -> 1.18.0              (update) [443, 434]
            rhandsontable : 0.3.8                           (keep) [443, 435]
                     sass : 0.4.0                      (duplicate) [443, 435]
                jquerylib : 0.1.4                      (duplicate) [443, 435]
              fontawesome : 0.2.2                      (duplicate) [443, 435]
                    bslib : 0.3.0                      (duplicate) [443, 435]
                   cachem : 1.0.6                      (duplicate) [443, 435]
                   sodium : 1.1 -> 1.2.0                  (update) [443, 437]
                  keyring : 1.2.0                           (keep) [443, 438]
Duplicate: ncdf4
Duplicate: yulab.utils
Duplicate: ggfun
Duplicate: sass
Duplicate: jquerylib
Duplicate: fontawesome
Duplicate: bslib
Duplicate: cachem
Updated Packages: 232
New Packages: 3
Dropped Packages: 8
